2022-03-05 01:00:50.919  INFO 31608 --- [main] com.roy.user.UserWsApplication           : Starting UserWsApplication using Java 15.0.2 on HP-VSAQU6E5 with PID 31608 (C:\SpringWorkspace\user-ws\target\classes started by Ronav in C:\SpringWorkspace\user-ws)
2022-03-05 01:00:50.922  INFO 31608 --- [main] com.roy.user.UserWsApplication           : No active profile set, falling back to 1 default profile: "default"
2022-03-05 01:00:51.625  INFO 31608 --- [main] .s.d.r.c.RepositoryConfigurationDelegate : Bootstrapping Spring Data MongoDB repositories in DEFAULT mode.
2022-03-05 01:00:51.735  INFO 31608 --- [main] .s.d.r.c.RepositoryConfigurationDelegate : Finished Spring Data repository scanning in 106 ms. Found 1 MongoDB repository interfaces.
2022-03-05 01:00:51.963  INFO 31608 --- [main] o.s.cloud.context.scope.GenericScope     : BeanFactory id=72a88a7e-1413-3768-a37c-923983fc4982
2022-03-05 01:00:52.181  INFO 31608 --- [main] o.s.b.w.embedded.tomcat.TomcatWebServer  : Tomcat initialized with port(s): 0 (http)
2022-03-05 01:00:52.188  INFO 31608 --- [main] o.apache.catalina.core.StandardService   : Starting service [Tomcat]
2022-03-05 01:00:52.188  INFO 31608 --- [main] org.apache.catalina.core.StandardEngine  : Starting Servlet engine: [Apache Tomcat/9.0.58]
2022-03-05 01:00:52.288  INFO 31608 --- [main] o.a.c.c.C.[Tomcat].[localhost].[/]       : Initializing Spring embedded WebApplicationContext
2022-03-05 01:00:52.288  INFO 31608 --- [main] w.s.c.ServletWebServerApplicationContext : Root WebApplicationContext: initialization completed in 1334 ms
2022-03-05 01:00:52.560  INFO 31608 --- [main] org.mongodb.driver.cluster               : Cluster created with settings {hosts=[127.0.0.1:27017], srvHost=cluster0.ky4n9.mongodb.net, mode=MULTIPLE, requiredClusterType=REPLICA_SET, serverSelectionTimeout='30000 ms', requiredReplicaSetName='atlas-136lsk-shard-0'}
2022-03-05 01:00:52.576  INFO 31608 --- [cluster-ClusterId{value='622268ec3bda74325fa432f3', description='null'}-srv-cluster0.ky4n9.mongodb.net] org.mongodb.driver.cluster               : Adding discovered server cluster0-shard-00-00.ky4n9.mongodb.net:27017 to client view of cluster
2022-03-05 01:00:52.601  INFO 31608 --- [cluster-ClusterId{value='622268ec3bda74325fa432f3', description='null'}-srv-cluster0.ky4n9.mongodb.net] org.mongodb.driver.cluster               : Adding discovered server cluster0-shard-00-01.ky4n9.mongodb.net:27017 to client view of cluster
2022-03-05 01:00:52.602  INFO 31608 --- [cluster-ClusterId{value='622268ec3bda74325fa432f3', description='null'}-srv-cluster0.ky4n9.mongodb.net] org.mongodb.driver.cluster               : Adding discovered server cluster0-shard-00-02.ky4n9.mongodb.net:27017 to client view of cluster
2022-03-05 01:00:52.641  WARN 31608 --- [main] o.s.data.convert.CustomConversions       : Registering converter from class java.time.LocalDateTime to class org.joda.time.LocalDateTime as reading converter although it doesn't convert from a store-supported type! You might want to check your annotation setup at the converter implementation.
2022-03-05 01:00:52.750  WARN 31608 --- [main] o.s.data.convert.CustomConversions       : Registering converter from class java.time.LocalDateTime to class org.joda.time.LocalDateTime as reading converter although it doesn't convert from a store-supported type! You might want to check your annotation setup at the converter implementation.
2022-03-05 01:00:52.879  INFO 31608 --- [main] c.r.u.e.ServiceExceptionHandler          : Initializing AppExceptionHandler
2022-03-05 01:00:52.919  INFO 31608 --- [cluster-rtt-ClusterId{value='622268ec3bda74325fa432f3', description='null'}-cluster0-shard-00-01.ky4n9.mongodb.net:27017] org.mongodb.driver.connection            : Opened connection [connectionId{localValue:1, serverValue:7217}] to cluster0-shard-00-01.ky4n9.mongodb.net:27017
2022-03-05 01:00:52.919  INFO 31608 --- [cluster-ClusterId{value='622268ec3bda74325fa432f3', description='null'}-cluster0-shard-00-00.ky4n9.mongodb.net:27017] org.mongodb.driver.connection            : Opened connection [connectionId{localValue:3, serverValue:6786}] to cluster0-shard-00-00.ky4n9.mongodb.net:27017
2022-03-05 01:00:52.919  INFO 31608 --- [cluster-rtt-ClusterId{value='622268ec3bda74325fa432f3', description='null'}-cluster0-shard-00-00.ky4n9.mongodb.net:27017] org.mongodb.driver.connection            : Opened connection [connectionId{localValue:5, serverValue:6753}] to cluster0-shard-00-00.ky4n9.mongodb.net:27017
2022-03-05 01:00:52.919  INFO 31608 --- [cluster-ClusterId{value='622268ec3bda74325fa432f3', description='null'}-cluster0-shard-00-02.ky4n9.mongodb.net:27017] org.mongodb.driver.connection            : Opened connection [connectionId{localValue:2, serverValue:5908}] to cluster0-shard-00-02.ky4n9.mongodb.net:27017
2022-03-05 01:00:52.919  INFO 31608 --- [cluster-ClusterId{value='622268ec3bda74325fa432f3', description='null'}-cluster0-shard-00-01.ky4n9.mongodb.net:27017] org.mongodb.driver.connection            : Opened connection [connectionId{localValue:4, serverValue:7217}] to cluster0-shard-00-01.ky4n9.mongodb.net:27017
2022-03-05 01:00:52.919  INFO 31608 --- [cluster-rtt-ClusterId{value='622268ec3bda74325fa432f3', description='null'}-cluster0-shard-00-02.ky4n9.mongodb.net:27017] org.mongodb.driver.connection            : Opened connection [connectionId{localValue:6, serverValue:5908}] to cluster0-shard-00-02.ky4n9.mongodb.net:27017
2022-03-05 01:00:52.919  INFO 31608 --- [cluster-ClusterId{value='622268ec3bda74325fa432f3', description='null'}-cluster0-shard-00-02.ky4n9.mongodb.net:27017] org.mongodb.driver.cluster               : Monitor thread successfully connected to server with description ServerDescription{address=cluster0-shard-00-02.ky4n9.mongodb.net:27017, type=REPLICA_SET_SECONDARY, state=CONNECTED, ok=true, minWireVersion=0, maxWireVersion=13, maxDocumentSize=16777216, logicalSessionTimeoutMinutes=30, roundTripTimeNanos=161123100, setName='atlas-136lsk-shard-0', canonicalAddress=cluster0-shard-00-02.ky4n9.mongodb.net:27017, hosts=[cluster0-shard-00-00.ky4n9.mongodb.net:27017, cluster0-shard-00-01.ky4n9.mongodb.net:27017, cluster0-shard-00-02.ky4n9.mongodb.net:27017], passives=[], arbiters=[], primary='cluster0-shard-00-01.ky4n9.mongodb.net:27017', tagSet=TagSet{[Tag{name='nodeType', value='ELECTABLE'}, Tag{name='provider', value='AWS'}, Tag{name='region', value='AP_SOUTH_1'}, Tag{name='workloadType', value='OPERATIONAL'}]}, electionId=null, setVersion=7, topologyVersion=TopologyVersion{processId=62222c7f14d66fa1baa30659, counter=3}, lastWriteDate=Sat Mar 05 01:00:54 IST 2022, lastUpdateTimeNanos=1160292918604000}
2022-03-05 01:00:52.919  INFO 31608 --- [cluster-ClusterId{value='622268ec3bda74325fa432f3', description='null'}-cluster0-shard-00-00.ky4n9.mongodb.net:27017] org.mongodb.driver.cluster               : Monitor thread successfully connected to server with description ServerDescription{address=cluster0-shard-00-00.ky4n9.mongodb.net:27017, type=REPLICA_SET_SECONDARY, state=CONNECTED, ok=true, minWireVersion=0, maxWireVersion=13, maxDocumentSize=16777216, logicalSessionTimeoutMinutes=30, roundTripTimeNanos=146739300, setName='atlas-136lsk-shard-0', canonicalAddress=cluster0-shard-00-00.ky4n9.mongodb.net:27017, hosts=[cluster0-shard-00-00.ky4n9.mongodb.net:27017, cluster0-shard-00-01.ky4n9.mongodb.net:27017, cluster0-shard-00-02.ky4n9.mongodb.net:27017], passives=[], arbiters=[], primary='cluster0-shard-00-01.ky4n9.mongodb.net:27017', tagSet=TagSet{[Tag{name='nodeType', value='ELECTABLE'}, Tag{name='provider', value='AWS'}, Tag{name='region', value='AP_SOUTH_1'}, Tag{name='workloadType', value='OPERATIONAL'}]}, electionId=null, setVersion=7, topologyVersion=TopologyVersion{processId=622229efad1193a1184b7aa7, counter=4}, lastWriteDate=Sat Mar 05 01:00:54 IST 2022, lastUpdateTimeNanos=1160292918338800}
2022-03-05 01:00:52.919  INFO 31608 --- [cluster-ClusterId{value='622268ec3bda74325fa432f3', description='null'}-cluster0-shard-00-01.ky4n9.mongodb.net:27017] org.mongodb.driver.cluster               : Monitor thread successfully connected to server with description ServerDescription{address=cluster0-shard-00-01.ky4n9.mongodb.net:27017, type=REPLICA_SET_PRIMARY, state=CONNECTED, ok=true, minWireVersion=0, maxWireVersion=13, maxDocumentSize=16777216, logicalSessionTimeoutMinutes=30, roundTripTimeNanos=146720300, setName='atlas-136lsk-shard-0', canonicalAddress=cluster0-shard-00-01.ky4n9.mongodb.net:27017, hosts=[cluster0-shard-00-00.ky4n9.mongodb.net:27017, cluster0-shard-00-01.ky4n9.mongodb.net:27017, cluster0-shard-00-02.ky4n9.mongodb.net:27017], passives=[], arbiters=[], primary='cluster0-shard-00-01.ky4n9.mongodb.net:27017', tagSet=TagSet{[Tag{name='nodeType', value='ELECTABLE'}, Tag{name='provider', value='AWS'}, Tag{name='region', value='AP_SOUTH_1'}, Tag{name='workloadType', value='OPERATIONAL'}]}, electionId=7fffffff0000000000000086, setVersion=7, topologyVersion=TopologyVersion{processId=62222b31e6e04aaacdae61c6, counter=6}, lastWriteDate=Sat Mar 05 01:00:54 IST 2022, lastUpdateTimeNanos=1160292918338800}
2022-03-05 01:00:52.923  INFO 31608 --- [cluster-ClusterId{value='622268ec3bda74325fa432f3', description='null'}-cluster0-shard-00-01.ky4n9.mongodb.net:27017] org.mongodb.driver.cluster               : Setting max election id to 7fffffff0000000000000086 from replica set primary cluster0-shard-00-01.ky4n9.mongodb.net:27017
2022-03-05 01:00:52.923  INFO 31608 --- [cluster-ClusterId{value='622268ec3bda74325fa432f3', description='null'}-cluster0-shard-00-01.ky4n9.mongodb.net:27017] org.mongodb.driver.cluster               : Setting max set version to 7 from replica set primary cluster0-shard-00-01.ky4n9.mongodb.net:27017
2022-03-05 01:00:52.923  INFO 31608 --- [cluster-ClusterId{value='622268ec3bda74325fa432f3', description='null'}-cluster0-shard-00-01.ky4n9.mongodb.net:27017] org.mongodb.driver.cluster               : Discovered replica set primary cluster0-shard-00-01.ky4n9.mongodb.net:27017
2022-03-05 01:00:52.965  INFO 31608 --- [main] .s.s.UserDetailsServiceAutoConfiguration : 

Using generated security password: 8ade5f7e-e636-4f2c-80db-9322afe5a8b4

2022-03-05 01:00:53.031  INFO 31608 --- [main] o.s.s.web.DefaultSecurityFilterChain     : Will not secure any request
2022-03-05 01:00:53.590  INFO 31608 --- [main] DiscoveryClientOptionalArgsConfiguration : Eureka HTTP Client uses RestTemplate.
2022-03-05 01:00:53.631  WARN 31608 --- [main] iguration$LoadBalancerCaffeineWarnLogger : Spring Cloud LoadBalancer is currently working with the default cache. While this cache implementation is useful for development and tests, it's recommended to use Caffeine cache in production.You can switch to using Caffeine cache, by adding it and org.springframework.cache.caffeine.CaffeineCacheManager to the classpath.
2022-03-05 01:00:53.634  INFO 31608 --- [main] o.s.b.a.e.web.EndpointLinksResolver      : Exposing 1 endpoint(s) beneath base path '/actuator'
2022-03-05 01:00:53.701  INFO 31608 --- [main] o.s.b.w.embedded.tomcat.TomcatWebServer  : Tomcat started on port(s): 64843 (http) with context path ''
2022-03-05 01:00:53.702  INFO 31608 --- [main] .s.c.n.e.s.EurekaAutoServiceRegistration : Updating port to 64843
2022-03-05 01:00:53.707  INFO 31608 --- [main] o.s.c.n.eureka.InstanceInfoFactory       : Setting initial instance status as: STARTING
2022-03-05 01:00:53.767  INFO 31608 --- [main] com.netflix.discovery.DiscoveryClient    : Initializing Eureka in region us-east-1
2022-03-05 01:00:53.772  INFO 31608 --- [main] c.n.d.s.r.aws.ConfigClusterResolver      : Resolving eureka endpoints via configuration
2022-03-05 01:00:53.796  INFO 31608 --- [main] com.netflix.discovery.DiscoveryClient    : Disable delta property : false
2022-03-05 01:00:53.797  INFO 31608 --- [main] com.netflix.discovery.DiscoveryClient    : Single vip registry refresh property : null
2022-03-05 01:00:53.797  INFO 31608 --- [main] com.netflix.discovery.DiscoveryClient    : Force full registry fetch : false
2022-03-05 01:00:53.797  INFO 31608 --- [main] com.netflix.discovery.DiscoveryClient    : Application is null : false
2022-03-05 01:00:53.797  INFO 31608 --- [main] com.netflix.discovery.DiscoveryClient    : Registered Applications size is zero : true
2022-03-05 01:00:53.797  INFO 31608 --- [main] com.netflix.discovery.DiscoveryClient    : Application version is -1: true
2022-03-05 01:00:53.797  INFO 31608 --- [main] com.netflix.discovery.DiscoveryClient    : Getting all instance registry info from the eureka server
2022-03-05 01:00:53.974  INFO 31608 --- [main] com.netflix.discovery.DiscoveryClient    : The response status is 200
2022-03-05 01:00:53.979  INFO 31608 --- [main] com.netflix.discovery.DiscoveryClient    : Starting heartbeat executor: renew interval is: 30
2022-03-05 01:00:53.986  INFO 31608 --- [main] c.n.discovery.InstanceInfoReplicator     : InstanceInfoReplicator onDemand update allowed rate per min is 4
2022-03-05 01:00:53.999  INFO 31608 --- [main] com.netflix.discovery.DiscoveryClient    : Discovery Client initialized at timestamp 1646422253998 with initial instances count: 0
2022-03-05 01:00:54.000  INFO 31608 --- [main] o.s.c.n.e.s.EurekaServiceRegistry        : Registering application USER-SERVICE with eureka with status UP
2022-03-05 01:00:54.000  INFO 31608 --- [main] com.netflix.discovery.DiscoveryClient    : Saw local status change event StatusChangeEvent [timestamp=1646422254000, current=UP, previous=STARTING]
2022-03-05 01:00:54.002  INFO 31608 --- [DiscoveryClient-InstanceInfoReplicator-0] com.netflix.discovery.DiscoveryClient    : DiscoveryClient_USER-SERVICE/user-service:e68e63df5f614e3ef2d39c4c85a6e9b9: registering service...
2022-03-05 01:00:54.036  INFO 31608 --- [DiscoveryClient-InstanceInfoReplicator-0] com.netflix.discovery.DiscoveryClient    : DiscoveryClient_USER-SERVICE/user-service:e68e63df5f614e3ef2d39c4c85a6e9b9 - registration status: 204
2022-03-05 01:00:54.099  INFO 31608 --- [main] com.roy.user.UserWsApplication           : Started UserWsApplication in 3.621 seconds (JVM running for 4.269)
2022-03-05 01:00:54.173  INFO 31608 --- [RMI TCP Connection(4)-127.0.0.1] o.a.c.c.C.[Tomcat].[localhost].[/]       : Initializing Spring DispatcherServlet 'dispatcherServlet'
2022-03-05 01:00:54.174  INFO 31608 --- [RMI TCP Connection(4)-127.0.0.1] o.s.web.servlet.DispatcherServlet        : Initializing Servlet 'dispatcherServlet'
2022-03-05 01:00:54.175  INFO 31608 --- [RMI TCP Connection(4)-127.0.0.1] o.s.web.servlet.DispatcherServlet        : Completed initialization in 1 ms
2022-03-05 01:01:23.982  INFO 31608 --- [DiscoveryClient-CacheRefreshExecutor-0] com.netflix.discovery.DiscoveryClient    : Disable delta property : false
2022-03-05 01:01:23.984  INFO 31608 --- [DiscoveryClient-CacheRefreshExecutor-0] com.netflix.discovery.DiscoveryClient    : Single vip registry refresh property : null
2022-03-05 01:01:23.984  INFO 31608 --- [DiscoveryClient-CacheRefreshExecutor-0] com.netflix.discovery.DiscoveryClient    : Force full registry fetch : false
2022-03-05 01:01:23.984  INFO 31608 --- [DiscoveryClient-CacheRefreshExecutor-0] com.netflix.discovery.DiscoveryClient    : Application is null : false
2022-03-05 01:01:23.984  INFO 31608 --- [DiscoveryClient-CacheRefreshExecutor-0] com.netflix.discovery.DiscoveryClient    : Registered Applications size is zero : true
2022-03-05 01:01:23.984  INFO 31608 --- [DiscoveryClient-CacheRefreshExecutor-0] com.netflix.discovery.DiscoveryClient    : Application version is -1: false
2022-03-05 01:01:23.985  INFO 31608 --- [DiscoveryClient-CacheRefreshExecutor-0] com.netflix.discovery.DiscoveryClient    : Getting all instance registry info from the eureka server
2022-03-05 01:01:24.003  INFO 31608 --- [DiscoveryClient-CacheRefreshExecutor-0] com.netflix.discovery.DiscoveryClient    : The response status is 200
2022-03-05 01:04:07.952  INFO 31608 --- [RMI TCP Connection(15)-127.0.0.1] inMXBeanRegistrar$SpringApplicationAdmin : Application shutdown requested.
2022-03-05 01:04:07.953  INFO 31608 --- [RMI TCP Connection(15)-127.0.0.1] o.s.c.n.e.s.EurekaServiceRegistry        : Unregistering application USER-SERVICE with eureka with status DOWN
2022-03-05 01:04:07.953  INFO 31608 --- [RMI TCP Connection(15)-127.0.0.1] com.netflix.discovery.DiscoveryClient    : Saw local status change event StatusChangeEvent [timestamp=1646422447953, current=DOWN, previous=UP]
2022-03-05 01:04:07.954  INFO 31608 --- [DiscoveryClient-InstanceInfoReplicator-0] com.netflix.discovery.DiscoveryClient    : DiscoveryClient_USER-SERVICE/user-service:e68e63df5f614e3ef2d39c4c85a6e9b9: registering service...
2022-03-05 01:04:07.959  INFO 31608 --- [DiscoveryClient-InstanceInfoReplicator-0] com.netflix.discovery.DiscoveryClient    : DiscoveryClient_USER-SERVICE/user-service:e68e63df5f614e3ef2d39c4c85a6e9b9 - registration status: 204
2022-03-05 01:04:08.029  INFO 31608 --- [RMI TCP Connection(15)-127.0.0.1] com.netflix.discovery.DiscoveryClient    : Shutting down DiscoveryClient ...
2022-03-05 01:04:11.056  INFO 31608 --- [RMI TCP Connection(15)-127.0.0.1] com.netflix.discovery.DiscoveryClient    : Unregistering ...
2022-03-05 01:04:11.064  INFO 31608 --- [RMI TCP Connection(15)-127.0.0.1] com.netflix.discovery.DiscoveryClient    : DiscoveryClient_USER-SERVICE/user-service:e68e63df5f614e3ef2d39c4c85a6e9b9 - deregister  status: 200
2022-03-05 01:04:11.209  INFO 31608 --- [RMI TCP Connection(15)-127.0.0.1] com.netflix.discovery.DiscoveryClient    : Completed shut down of DiscoveryClient
