2022-03-02 20:38:53.702 - INFO 64848 --- [main] com.netflix.discovery.DiscoveryClient    : Application version is -1: true
-2022-03-02 20:38:53.715 - INFO 64848 --- [main] com.netflix.discovery.DiscoveryClient    : Getting all instance registry info from the eureka server
-2022-03-02 20:38:53.777 - INFO 64848 --- [RMI TCP Connection(3)-127.0.0.1] o.a.c.c.C.[Tomcat].[localhost].[/]       : Initializing Spring DispatcherServlet 'dispatcherServlet'
-2022-03-02 20:38:53.778 - INFO 64848 --- [RMI TCP Connection(3)-127.0.0.1] o.s.web.servlet.DispatcherServlet        : Initializing Servlet 'dispatcherServlet'
-2022-03-02 20:38:53.779 - INFO 64848 --- [RMI TCP Connection(3)-127.0.0.1] o.s.web.servlet.DispatcherServlet        : Completed initialization in 1 ms
-2022-03-02 20:38:53.915 - INFO 64848 --- [main] com.netflix.discovery.DiscoveryClient    : The response status is 200
-2022-03-02 20:38:53.920 - INFO 64848 --- [main] com.netflix.discovery.DiscoveryClient    : Starting heartbeat executor: renew interval is: 30
-2022-03-02 20:38:53.926 - INFO 64848 --- [main] c.n.discovery.InstanceInfoReplicator     : InstanceInfoReplicator onDemand update allowed rate per min is 4
-2022-03-02 20:38:53.937 - INFO 64848 --- [main] com.netflix.discovery.DiscoveryClient    : Discovery Client initialized at timestamp 1646233733936 with initial instances count: 0
-2022-03-02 20:38:53.939 - INFO 64848 --- [main] o.s.c.n.e.s.EurekaServiceRegistry        : Registering application RESERVATION-SERVICE with eureka with status UP
-2022-03-02 20:38:53.939 - INFO 64848 --- [main] com.netflix.discovery.DiscoveryClient    : Saw local status change event StatusChangeEvent [timestamp=1646233733939, current=UP, previous=STARTING]
-2022-03-02 20:38:53.941 - INFO 64848 --- [DiscoveryClient-InstanceInfoReplicator-0] com.netflix.discovery.DiscoveryClient    : DiscoveryClient_RESERVATION-SERVICE/reservation-service:0bdee3b64b83650c173cbb1722e50168: registering service...
-2022-03-02 20:38:53.967 - INFO 64848 --- [DiscoveryClient-InstanceInfoReplicator-0] com.netflix.discovery.DiscoveryClient    : DiscoveryClient_RESERVATION-SERVICE/reservation-service:0bdee3b64b83650c173cbb1722e50168 - registration status: 204
-2022-03-02 20:38:54.019 - INFO 64848 --- [main] c.r.l.r.ReservationServiceApplication    : Started ReservationServiceApplication in 4.854 seconds (JVM running for 5.449)
-2022-03-02 20:39:23.927 - INFO 64848 --- [DiscoveryClient-CacheRefreshExecutor-0] com.netflix.discovery.DiscoveryClient    : Disable delta property : false
-2022-03-02 20:39:23.928 - INFO 64848 --- [DiscoveryClient-CacheRefreshExecutor-0] com.netflix.discovery.DiscoveryClient    : Single vip registry refresh property : null
-2022-03-02 20:39:23.928 - INFO 64848 --- [DiscoveryClient-CacheRefreshExecutor-0] com.netflix.discovery.DiscoveryClient    : Force full registry fetch : false
-2022-03-02 20:39:23.928 - INFO 64848 --- [DiscoveryClient-CacheRefreshExecutor-0] com.netflix.discovery.DiscoveryClient    : Application is null : false
-2022-03-02 20:39:23.928 - INFO 64848 --- [DiscoveryClient-CacheRefreshExecutor-0] com.netflix.discovery.DiscoveryClient    : Registered Applications size is zero : true
-2022-03-02 20:39:23.928 - INFO 64848 --- [DiscoveryClient-CacheRefreshExecutor-0] com.netflix.discovery.DiscoveryClient    : Application version is -1: false
-2022-03-02 20:39:23.928 - INFO 64848 --- [DiscoveryClient-CacheRefreshExecutor-0] com.netflix.discovery.DiscoveryClient    : Getting all instance registry info from the eureka server
-2022-03-02 20:39:23.937 - INFO 64848 --- [DiscoveryClient-CacheRefreshExecutor-0] com.netflix.discovery.DiscoveryClient    : The response status is 200
-2022-03-02 20:39:29.600 - INFO 64848 --- [hystrix-allReservationsThreadPool-1] c.r.l.r.rest.ReservationController       : Entering getAllReservations()
-2022-03-02 20:39:29.799 -TRACE 64848 --- [hystrix-allReservationsThreadPool-1] c.r.l.r.rest.ReservationController       : Reservation count: 1
-2022-03-02 20:39:29.799 - INFO 64848 --- [hystrix-allReservationsThreadPool-1] c.r.l.r.rest.ReservationController       : Returning from getAllReservations()
-2022-03-02 20:43:53.731 - INFO 64848 --- [AsyncResolver-bootstrap-executor-0] c.n.d.s.r.aws.ConfigClusterResolver      : Resolving eureka endpoints via configuration
-2022-03-02 20:48:53.742 - INFO 64848 --- [AsyncResolver-bootstrap-executor-0] c.n.d.s.r.aws.ConfigClusterResolver      : Resolving eureka endpoints via configuration
-2022-03-02 20:53:53.751 - INFO 64848 --- [AsyncResolver-bootstrap-executor-0] c.n.d.s.r.aws.ConfigClusterResolver      : Resolving eureka endpoints via configuration
-2022-03-02 20:58:53.755 - INFO 64848 --- [AsyncResolver-bootstrap-executor-0] c.n.d.s.r.aws.ConfigClusterResolver      : Resolving eureka endpoints via configuration
-2022-03-02 21:03:53.769 - INFO 64848 --- [AsyncResolver-bootstrap-executor-0] c.n.d.s.r.aws.ConfigClusterResolver      : Resolving eureka endpoints via configuration
-2022-03-02 21:08:53.785 - INFO 64848 --- [AsyncResolver-bootstrap-executor-0] c.n.d.s.r.aws.ConfigClusterResolver      : Resolving eureka endpoints via configuration
-2022-03-02 21:13:53.794 - INFO 64848 --- [AsyncResolver-bootstrap-executor-0] c.n.d.s.r.aws.ConfigClusterResolver      : Resolving eureka endpoints via configuration
-2022-03-02 21:18:53.804 - INFO 64848 --- [AsyncResolver-bootstrap-executor-0] c.n.d.s.r.aws.ConfigClusterResolver      : Resolving eureka endpoints via configuration
-2022-03-02 21:21:34.567 - INFO 68592 --- [main] c.r.l.r.ReservationServiceApplication    : Starting ReservationServiceApplication using Java 15.0.2 on HP-VSAQU6E5 with PID 68592 (C:\Users\Ronav\git\LibMgmtService\ReservationService\target\classes started by Ronav in C:\Users\Ronav\git\LibMgmtService\ReservationService)
-2022-03-02 21:21:34.569 - INFO 68592 --- [main] c.r.l.r.ReservationServiceApplication    : No active profile set, falling back to default profiles: default
-2022-03-02 21:21:35.426 - INFO 68592 --- [main] .s.d.r.c.RepositoryConfigurationDelegate : Bootstrapping Spring Data JPA repositories in DEFAULT mode.
-2022-03-02 21:21:35.569 - INFO 68592 --- [main] .s.d.r.c.RepositoryConfigurationDelegate : Finished Spring Data repository scanning in 134 ms. Found 1 JPA repository interfaces.
-2022-03-02 21:21:35.679 - WARN 68592 --- [main] o.s.boot.actuate.endpoint.EndpointId     : Endpoint ID 'hystrix.stream' contains invalid characters, please migrate to a valid format.
-2022-03-02 21:21:35.773 - INFO 68592 --- [main] o.s.cloud.context.scope.GenericScope     : BeanFactory id=75a0fc6c-b16b-3ba1-aa9f-88f200b52bea
-2022-03-02 21:21:36.220 - INFO 68592 --- [main] o.s.b.w.embedded.tomcat.TomcatWebServer  : Tomcat initialized with port(s): 0 (http)
-2022-03-02 21:21:36.230 - INFO 68592 --- [main] o.apache.catalina.core.StandardService   : Starting service [Tomcat]
-2022-03-02 21:21:36.230 - INFO 68592 --- [main] org.apache.catalina.core.StandardEngine  : Starting Servlet engine: [Apache Tomcat/9.0.55]
-2022-03-02 21:21:36.360 - INFO 68592 --- [main] o.a.c.c.C.[Tomcat].[localhost].[/]       : Initializing Spring embedded WebApplicationContext
-2022-03-02 21:21:36.360 - INFO 68592 --- [main] w.s.c.ServletWebServerApplicationContext : Root WebApplicationContext: initialization completed in 1752 ms
-2022-03-02 21:21:36.445 - WARN 68592 --- [main] c.n.c.sources.URLConfigurationSource     : No URLs will be polled as dynamic configuration sources.
-2022-03-02 21:21:36.445 - INFO 68592 --- [main] c.n.c.sources.URLConfigurationSource     : To enable URLs as dynamic configuration sources, define System property archaius.configurationSource.additionalUrls or make config.properties available on classpath.
-2022-03-02 21:21:36.456 - INFO 68592 --- [main] c.netflix.config.DynamicPropertyFactory  : DynamicPropertyFactory is initialized with configuration sources: com.netflix.config.ConcurrentCompositeConfiguration@2f1f9515
-2022-03-02 21:21:36.542 - INFO 68592 --- [main] o.s.b.a.e.web.ServletEndpointRegistrar   : Registered '/actuator/hystrix.stream' to hystrix.stream-actuator-endpoint
-2022-03-02 21:21:36.701 - INFO 68592 --- [main] o.hibernate.jpa.internal.util.LogHelper  : HHH000204: Processing PersistenceUnitInfo [name: default]
-2022-03-02 21:21:36.773 - INFO 68592 --- [main] org.hibernate.Version                    : HHH000412: Hibernate ORM core version 5.6.1.Final
-2022-03-02 21:21:36.967 - INFO 68592 --- [main] o.hibernate.annotations.common.Version   : HCANN000001: Hibernate Commons Annotations {5.1.2.Final}
-2022-03-02 21:21:37.080 - INFO 68592 --- [main] com.zaxxer.hikari.HikariDataSource       : HikariPool-1 - Starting...
-2022-03-02 21:21:37.406 - INFO 68592 --- [main] com.zaxxer.hikari.HikariDataSource       : HikariPool-1 - Start completed.
-2022-03-02 21:21:37.436 - INFO 68592 --- [main] org.hibernate.dialect.Dialect            : HHH000400: Using dialect: org.hibernate.dialect.MySQL8Dialect
-2022-03-02 21:21:38.054 - INFO 68592 --- [main] o.h.e.t.j.p.i.JtaPlatformInitiator       : HHH000490: Using JtaPlatform implementation: [org.hibernate.engine.transaction.jta.platform.internal.NoJtaPlatform]
-2022-03-02 21:21:38.061 - INFO 68592 --- [main] j.LocalContainerEntityManagerFactoryBean : Initialized JPA EntityManagerFactory for persistence unit 'default'
-2022-03-02 21:21:38.465 - WARN 68592 --- [main] c.n.c.sources.URLConfigurationSource     : No URLs will be polled as dynamic configuration sources.
-2022-03-02 21:21:38.466 - INFO 68592 --- [main] c.n.c.sources.URLConfigurationSource     : To enable URLs as dynamic configuration sources, define System property archaius.configurationSource.additionalUrls or make config.properties available on classpath.
-2022-03-02 21:21:38.498 - WARN 68592 --- [main] JpaBaseConfiguration$JpaWebConfiguration : spring.jpa.open-in-view is enabled by default. Therefore, database queries may be performed during view rendering. Explicitly configure spring.jpa.open-in-view to disable this warning
-2022-03-02 21:21:39.213 - INFO 68592 --- [main] DiscoveryClientOptionalArgsConfiguration : Eureka HTTP Client uses RestTemplate.
-2022-03-02 21:21:39.274 - WARN 68592 --- [main] iguration$LoadBalancerCaffeineWarnLogger : Spring Cloud LoadBalancer is currently working with the default cache. You can switch to using Caffeine cache, by adding it and org.springframework.cache.caffeine.CaffeineCacheManager to the classpath.
-2022-03-02 21:21:39.287 - INFO 68592 --- [main] o.s.b.a.e.web.EndpointLinksResolver      : Exposing 19 endpoint(s) beneath base path '/actuator'
-2022-03-02 21:21:39.361 - INFO 68592 --- [main] o.s.b.w.embedded.tomcat.TomcatWebServer  : Tomcat started on port(s): 63375 (http) with context path ''
-2022-03-02 21:21:39.362 - INFO 68592 --- [main] .s.c.n.e.s.EurekaAutoServiceRegistration : Updating port to 63375
-2022-03-02 21:21:39.366 - INFO 68592 --- [main] o.s.c.n.eureka.InstanceInfoFactory       : Setting initial instance status as: STARTING
-2022-03-02 21:21:39.426 - INFO 68592 --- [main] com.netflix.discovery.DiscoveryClient    : Initializing Eureka in region us-east-1
-2022-03-02 21:21:39.431 - INFO 68592 --- [main] c.n.d.s.r.aws.ConfigClusterResolver      : Resolving eureka endpoints via configuration
-2022-03-02 21:21:39.459 - INFO 68592 --- [main] com.netflix.discovery.DiscoveryClient    : Disable delta property : false
-2022-03-02 21:21:39.460 - INFO 68592 --- [main] com.netflix.discovery.DiscoveryClient    : Single vip registry refresh property : null
-2022-03-02 21:21:39.460 - INFO 68592 --- [main] com.netflix.discovery.DiscoveryClient    : Force full registry fetch : false
-2022-03-02 21:21:39.460 - INFO 68592 --- [main] com.netflix.discovery.DiscoveryClient    : Application is null : false
-2022-03-02 21:21:39.460 - INFO 68592 --- [main] com.netflix.discovery.DiscoveryClient    : Registered Applications size is zero : true
-2022-03-02 21:21:39.460 - INFO 68592 --- [main] com.netflix.discovery.DiscoveryClient    : Application version is -1: true
-2022-03-02 21:21:39.460 - INFO 68592 --- [main] com.netflix.discovery.DiscoveryClient    : Getting all instance registry info from the eureka server
-2022-03-02 21:21:39.725 - INFO 68592 --- [main] com.netflix.discovery.DiscoveryClient    : The response status is 200
-2022-03-02 21:21:39.731 - INFO 68592 --- [main] com.netflix.discovery.DiscoveryClient    : Starting heartbeat executor: renew interval is: 30
-2022-03-02 21:21:39.737 - INFO 68592 --- [main] c.n.discovery.InstanceInfoReplicator     : InstanceInfoReplicator onDemand update allowed rate per min is 4
-2022-03-02 21:21:39.750 - INFO 68592 --- [main] com.netflix.discovery.DiscoveryClient    : Discovery Client initialized at timestamp 1646236299749 with initial instances count: 3
-2022-03-02 21:21:39.753 - INFO 68592 --- [main] o.s.c.n.e.s.EurekaServiceRegistry        : Registering application RESERVATION-SERVICE with eureka with status UP
-2022-03-02 21:21:39.753 - INFO 68592 --- [main] com.netflix.discovery.DiscoveryClient    : Saw local status change event StatusChangeEvent [timestamp=1646236299753, current=UP, previous=STARTING]
-2022-03-02 21:21:39.754 - INFO 68592 --- [DiscoveryClient-InstanceInfoReplicator-0] com.netflix.discovery.DiscoveryClient    : DiscoveryClient_RESERVATION-SERVICE/reservation-service:246169e7d62918c95cd003cfbd48e843: registering service...
-2022-03-02 21:21:39.794 - INFO 68592 --- [DiscoveryClient-InstanceInfoReplicator-0] com.netflix.discovery.DiscoveryClient    : DiscoveryClient_RESERVATION-SERVICE/reservation-service:246169e7d62918c95cd003cfbd48e843 - registration status: 204
-2022-03-02 21:21:39.845 - INFO 68592 --- [main] c.r.l.r.ReservationServiceApplication    : Started ReservationServiceApplication in 5.678 seconds (JVM running for 6.312)
-2022-03-02 21:21:40.352 - INFO 68592 --- [RMI TCP Connection(3)-127.0.0.1] o.a.c.c.C.[Tomcat].[localhost].[/]       : Initializing Spring DispatcherServlet 'dispatcherServlet'
-2022-03-02 21:21:40.352 - INFO 68592 --- [RMI TCP Connection(3)-127.0.0.1] o.s.web.servlet.DispatcherServlet        : Initializing Servlet 'dispatcherServlet'
-2022-03-02 21:21:40.353 - INFO 68592 --- [RMI TCP Connection(3)-127.0.0.1] o.s.web.servlet.DispatcherServlet        : Completed initialization in 1 ms
-2022-03-02 21:23:53.820 - INFO 64848 --- [AsyncResolver-bootstrap-executor-0] c.n.d.s.r.aws.ConfigClusterResolver      : Resolving eureka endpoints via configuration
-2022-03-02 21:26:39.472 - INFO 68592 --- [AsyncResolver-bootstrap-executor-0] c.n.d.s.r.aws.ConfigClusterResolver      : Resolving eureka endpoints via configuration
-2022-03-02 21:28:53.826 - INFO 64848 --- [AsyncResolver-bootstrap-executor-0] c.n.d.s.r.aws.ConfigClusterResolver      : Resolving eureka endpoints via configuration
-2022-03-02 21:31:39.486 - INFO 68592 --- [AsyncResolver-bootstrap-executor-0] c.n.d.s.r.aws.ConfigClusterResolver      : Resolving eureka endpoints via configuration
-2022-03-02 21:33:53.854 - INFO 64848 --- [AsyncResolver-bootstrap-executor-0] c.n.d.s.r.aws.ConfigClusterResolver      : Resolving eureka endpoints via configuration
-2022-03-02 21:36:39.505 - INFO 68592 --- [AsyncResolver-bootstrap-executor-0] c.n.d.s.r.aws.ConfigClusterResolver      : Resolving eureka endpoints via configuration
-2022-03-02 21:38:53.864 - INFO 64848 --- [AsyncResolver-bootstrap-executor-0] c.n.d.s.r.aws.ConfigClusterResolver      : Resolving eureka endpoints via configuration
-2022-03-02 21:41:39.509 - INFO 68592 --- [AsyncResolver-bootstrap-executor-0] c.n.d.s.r.aws.ConfigClusterResolver      : Resolving eureka endpoints via configuration
-2022-03-02 21:43:53.876 - INFO 64848 --- [AsyncResolver-bootstrap-executor-0] c.n.d.s.r.aws.ConfigClusterResolver      : Resolving eureka endpoints via configuration
-2022-03-02 21:46:39.511 - INFO 68592 --- [AsyncResolver-bootstrap-executor-0] c.n.d.s.r.aws.ConfigClusterResolver      : Resolving eureka endpoints via configuration
-2022-03-02 21:48:53.893 - INFO 64848 --- [AsyncResolver-bootstrap-executor-0] c.n.d.s.r.aws.ConfigClusterResolver      : Resolving eureka endpoints via configuration
-2022-03-02 21:51:39.553 - INFO 68592 --- [AsyncResolver-bootstrap-executor-0] c.n.d.s.r.aws.ConfigClusterResolver      : Resolving eureka endpoints via configuration
-2022-03-02 21:53:53.948 - INFO 64848 --- [AsyncResolver-bootstrap-executor-0] c.n.d.s.r.aws.ConfigClusterResolver      : Resolving eureka endpoints via configuration
-2022-03-02 21:56:39.585 - INFO 68592 --- [AsyncResolver-bootstrap-executor-0] c.n.d.s.r.aws.ConfigClusterResolver      : Resolving eureka endpoints via configuration
-2022-03-02 21:58:53.987 - INFO 64848 --- [AsyncResolver-bootstrap-executor-0] c.n.d.s.r.aws.ConfigClusterResolver      : Resolving eureka endpoints via configuration
-2022-03-02 22:01:39.634 - INFO 68592 --- [AsyncResolver-bootstrap-executor-0] c.n.d.s.r.aws.ConfigClusterResolver      : Resolving eureka endpoints via configuration
-2022-03-02 22:03:54.017 - INFO 64848 --- [AsyncResolver-bootstrap-executor-0] c.n.d.s.r.aws.ConfigClusterResolver      : Resolving eureka endpoints via configuration
-2022-03-02 22:06:39.662 - INFO 68592 --- [AsyncResolver-bootstrap-executor-0] c.n.d.s.r.aws.ConfigClusterResolver      : Resolving eureka endpoints via configuration
-2022-03-02 22:08:54.039 - INFO 64848 --- [AsyncResolver-bootstrap-executor-0] c.n.d.s.r.aws.ConfigClusterResolver      : Resolving eureka endpoints via configuration
-2022-03-02 22:11:39.692 - INFO 68592 --- [AsyncResolver-bootstrap-executor-0] c.n.d.s.r.aws.ConfigClusterResolver      : Resolving eureka endpoints via configuration
-2022-03-02 22:13:54.049 - INFO 64848 --- [AsyncResolver-bootstrap-executor-0] c.n.d.s.r.aws.ConfigClusterResolver      : Resolving eureka endpoints via configuration
-2022-03-02 22:16:39.732 - INFO 68592 --- [AsyncResolver-bootstrap-executor-0] c.n.d.s.r.aws.ConfigClusterResolver      : Resolving eureka endpoints via configuration
-2022-03-02 22:18:54.095 - INFO 64848 --- [AsyncResolver-bootstrap-executor-0] c.n.d.s.r.aws.ConfigClusterResolver      : Resolving eureka endpoints via configuration
-2022-03-02 22:21:39.775 - INFO 68592 --- [AsyncResolver-bootstrap-executor-0] c.n.d.s.r.aws.ConfigClusterResolver      : Resolving eureka endpoints via configuration
-2022-03-02 22:23:54.124 - INFO 64848 --- [AsyncResolver-bootstrap-executor-0] c.n.d.s.r.aws.ConfigClusterResolver      : Resolving eureka endpoints via configuration
-2022-03-02 22:26:39.796 - INFO 68592 --- [AsyncResolver-bootstrap-executor-0] c.n.d.s.r.aws.ConfigClusterResolver      : Resolving eureka endpoints via configuration
-2022-03-02 22:28:54.138 - INFO 64848 --- [AsyncResolver-bootstrap-executor-0] c.n.d.s.r.aws.ConfigClusterResolver      : Resolving eureka endpoints via configuration
-2022-03-02 22:31:39.813 - INFO 68592 --- [AsyncResolver-bootstrap-executor-0] c.n.d.s.r.aws.ConfigClusterResolver      : Resolving eureka endpoints via configuration
-2022-03-02 22:31:44.749 - INFO 68592 --- [hystrix-allReservationsThreadPool-1] c.r.l.r.rest.ReservationController       : Entering getAllReservations()
-2022-03-02 22:31:45.090 -TRACE 68592 --- [hystrix-allReservationsThreadPool-1] c.r.l.r.rest.ReservationController       : Reservation count: 1
-2022-03-02 22:31:45.091 - INFO 68592 --- [hystrix-allReservationsThreadPool-1] c.r.l.r.rest.ReservationController       : Returning from getAllReservations()
-2022-03-02 22:33:54.144 - INFO 64848 --- [AsyncResolver-bootstrap-executor-0] c.n.d.s.r.aws.ConfigClusterResolver      : Resolving eureka endpoints via configuration
-2022-03-02 22:36:39.824 - INFO 68592 --- [AsyncResolver-bootstrap-executor-0] c.n.d.s.r.aws.ConfigClusterResolver      : Resolving eureka endpoints via configuration
-2022-03-02 22:38:54.167 - INFO 64848 --- [AsyncResolver-bootstrap-executor-0] c.n.d.s.r.aws.ConfigClusterResolver      : Resolving eureka endpoints via configuration
-2022-03-02 22:41:39.845 - INFO 68592 --- [AsyncResolver-bootstrap-executor-0] c.n.d.s.r.aws.ConfigClusterResolver      : Resolving eureka endpoints via configuration
-2022-03-02 22:43:54.181 - INFO 64848 --- [AsyncResolver-bootstrap-executor-0] c.n.d.s.r.aws.ConfigClusterResolver      : Resolving eureka endpoints via configuration
-2022-03-02 22:46:39.863 - INFO 68592 --- [AsyncResolver-bootstrap-executor-0] c.n.d.s.r.aws.ConfigClusterResolver      : Resolving eureka endpoints via configuration
-2022-03-02 22:48:54.202 - INFO 64848 --- [AsyncResolver-bootstrap-executor-0] c.n.d.s.r.aws.ConfigClusterResolver      : Resolving eureka endpoints via configuration
-2022-03-02 22:51:39.883 - INFO 68592 --- [AsyncResolver-bootstrap-executor-0] c.n.d.s.r.aws.ConfigClusterResolver      : Resolving eureka endpoints via configuration
-2022-03-02 22:53:54.217 - INFO 64848 --- [AsyncResolver-bootstrap-executor-0] c.n.d.s.r.aws.ConfigClusterResolver      : Resolving eureka endpoints via configuration
-2022-03-02 22:56:39.900 - INFO 68592 --- [AsyncResolver-bootstrap-executor-0] c.n.d.s.r.aws.ConfigClusterResolver      : Resolving eureka endpoints via configuration
-2022-03-02 22:58:54.225 - INFO 64848 --- [AsyncResolver-bootstrap-executor-0] c.n.d.s.r.aws.ConfigClusterResolver      : Resolving eureka endpoints via configuration
-2022-03-02 23:01:39.915 - INFO 68592 --- [AsyncResolver-bootstrap-executor-0] c.n.d.s.r.aws.ConfigClusterResolver      : Resolving eureka endpoints via configuration
-2022-03-02 23:03:54.254 - INFO 64848 --- [AsyncResolver-bootstrap-executor-0] c.n.d.s.r.aws.ConfigClusterResolver      : Resolving eureka endpoints via configuration
-2022-03-02 23:06:39.941 - INFO 68592 --- [AsyncResolver-bootstrap-executor-0] c.n.d.s.r.aws.ConfigClusterResolver      : Resolving eureka endpoints via configuration
-2022-03-02 23:08:54.259 - INFO 64848 --- [AsyncResolver-bootstrap-executor-0] c.n.d.s.r.aws.ConfigClusterResolver      : Resolving eureka endpoints via configuration
-2022-03-02 23:11:39.948 - INFO 68592 --- [AsyncResolver-bootstrap-executor-0] c.n.d.s.r.aws.ConfigClusterResolver      : Resolving eureka endpoints via configuration
-2022-03-02 23:13:54.267 - INFO 64848 --- [AsyncResolver-bootstrap-executor-0] c.n.d.s.r.aws.ConfigClusterResolver      : Resolving eureka endpoints via configuration
-2022-03-02 23:16:39.953 - INFO 68592 --- [AsyncResolver-bootstrap-executor-0] c.n.d.s.r.aws.ConfigClusterResolver      : Resolving eureka endpoints via configuration
-2022-03-02 23:18:54.275 - INFO 64848 --- [AsyncResolver-bootstrap-executor-0] c.n.d.s.r.aws.ConfigClusterResolver      : Resolving eureka endpoints via configuration
-2022-03-02 23:21:39.968 - INFO 68592 --- [AsyncResolver-bootstrap-executor-0] c.n.d.s.r.aws.ConfigClusterResolver      : Resolving eureka endpoints via configuration
-2022-03-02 23:23:54.283 - INFO 64848 --- [AsyncResolver-bootstrap-executor-0] c.n.d.s.r.aws.ConfigClusterResolver      : Resolving eureka endpoints via configuration
-2022-03-02 23:26:39.970 - INFO 68592 --- [AsyncResolver-bootstrap-executor-0] c.n.d.s.r.aws.ConfigClusterResolver      : Resolving eureka endpoints via configuration
-2022-03-02 23:28:54.286 - INFO 64848 --- [AsyncResolver-bootstrap-executor-0] c.n.d.s.r.aws.ConfigClusterResolver      : Resolving eureka endpoints via configuration
-2022-03-02 23:31:39.979 - INFO 68592 --- [AsyncResolver-bootstrap-executor-0] c.n.d.s.r.aws.ConfigClusterResolver      : Resolving eureka endpoints via configuration
-2022-03-02 23:33:54.302 - INFO 64848 --- [AsyncResolver-bootstrap-executor-0] c.n.d.s.r.aws.ConfigClusterResolver      : Resolving eureka endpoints via configuration
-2022-03-02 23:36:40.007 - INFO 68592 --- [AsyncResolver-bootstrap-executor-0] c.n.d.s.r.aws.ConfigClusterResolver      : Resolving eureka endpoints via configuration
-2022-03-02 23:38:54.312 - INFO 64848 --- [AsyncResolver-bootstrap-executor-0] c.n.d.s.r.aws.ConfigClusterResolver      : Resolving eureka endpoints via configuration
-2022-03-02 23:41:40.018 - INFO 68592 --- [AsyncResolver-bootstrap-executor-0] c.n.d.s.r.aws.ConfigClusterResolver      : Resolving eureka endpoints via configuration
-2022-03-02 23:43:54.330 - INFO 64848 --- [AsyncResolver-bootstrap-executor-0] c.n.d.s.r.aws.ConfigClusterResolver      : Resolving eureka endpoints via configuration
-2022-03-02 23:46:40.035 - INFO 68592 --- [AsyncResolver-bootstrap-executor-0] c.n.d.s.r.aws.ConfigClusterResolver      : Resolving eureka endpoints via configuration
-2022-03-02 23:48:54.346 - INFO 64848 --- [AsyncResolver-bootstrap-executor-0] c.n.d.s.r.aws.ConfigClusterResolver      : Resolving eureka endpoints via configuration
-2022-03-02 23:51:40.052 - INFO 68592 --- [AsyncResolver-bootstrap-executor-0] c.n.d.s.r.aws.ConfigClusterResolver      : Resolving eureka endpoints via configuration
-2022-03-02 23:53:54.368 - INFO 64848 --- [AsyncResolver-bootstrap-executor-0] c.n.d.s.r.aws.ConfigClusterResolver      : Resolving eureka endpoints via configuration
-2022-03-02 23:54:35.633 - INFO 64848 --- [RMI TCP Connection(206)-127.0.0.1] inMXBeanRegistrar$SpringApplicationAdmin : Application shutdown requested.
-2022-03-02 23:54:35.696 - INFO 64848 --- [RMI TCP Connection(206)-127.0.0.1] o.s.c.n.e.s.EurekaServiceRegistry        : Unregistering application RESERVATION-SERVICE with eureka with status DOWN
-2022-03-02 23:54:35.697 - INFO 64848 --- [RMI TCP Connection(206)-127.0.0.1] com.netflix.discovery.DiscoveryClient    : Saw local status change event StatusChangeEvent [timestamp=1646245475697, current=DOWN, previous=UP]
-2022-03-02 23:54:35.699 - INFO 64848 --- [DiscoveryClient-InstanceInfoReplicator-0] com.netflix.discovery.DiscoveryClient    : DiscoveryClient_RESERVATION-SERVICE/reservation-service:0bdee3b64b83650c173cbb1722e50168: registering service...
-2022-03-02 23:54:35.724 - INFO 64848 --- [DiscoveryClient-InstanceInfoReplicator-0] com.netflix.discovery.DiscoveryClient    : DiscoveryClient_RESERVATION-SERVICE/reservation-service:0bdee3b64b83650c173cbb1722e50168 - registration status: 204
-2022-03-02 23:54:36.215 - INFO 64848 --- [RMI TCP Connection(206)-127.0.0.1] j.LocalContainerEntityManagerFactoryBean : Closing JPA EntityManagerFactory for persistence unit 'default'
-2022-03-02 23:54:36.253 - INFO 64848 --- [RMI TCP Connection(206)-127.0.0.1] com.zaxxer.hikari.HikariDataSource       : HikariPool-1 - Shutdown initiated...
-2022-03-02 23:54:36.286 - INFO 64848 --- [RMI TCP Connection(206)-127.0.0.1] com.zaxxer.hikari.HikariDataSource       : HikariPool-1 - Shutdown completed.
-2022-03-02 23:54:36.292 - INFO 64848 --- [RMI TCP Connection(206)-127.0.0.1] com.netflix.discovery.DiscoveryClient    : Shutting down DiscoveryClient ...
-2022-03-02 23:54:39.320 - INFO 64848 --- [RMI TCP Connection(206)-127.0.0.1] com.netflix.discovery.DiscoveryClient    : Unregistering ...
-2022-03-02 23:54:39.328 - INFO 64848 --- [RMI TCP Connection(206)-127.0.0.1] com.netflix.discovery.DiscoveryClient    : DiscoveryClient_RESERVATION-SERVICE/reservation-service:0bdee3b64b83650c173cbb1722e50168 - deregister  status: 200
-2022-03-02 23:54:39.389 - INFO 64848 --- [RMI TCP Connection(206)-127.0.0.1] com.netflix.discovery.DiscoveryClient    : Completed shut down of DiscoveryClient
-2022-03-02 23:54:43.949 - INFO 68592 --- [RMI TCP Connection(156)-127.0.0.1] inMXBeanRegistrar$SpringApplicationAdmin : Application shutdown requested.
-2022-03-02 23:54:43.990 - INFO 68592 --- [RMI TCP Connection(156)-127.0.0.1] o.s.c.n.e.s.EurekaServiceRegistry        : Unregistering application RESERVATION-SERVICE with eureka with status DOWN
-2022-03-02 23:54:43.990 - INFO 68592 --- [RMI TCP Connection(156)-127.0.0.1] com.netflix.discovery.DiscoveryClient    : Saw local status change event StatusChangeEvent [timestamp=1646245483990, current=DOWN, previous=UP]
-2022-03-02 23:54:43.990 - INFO 68592 --- [DiscoveryClient-InstanceInfoReplicator-0] com.netflix.discovery.DiscoveryClient    : DiscoveryClient_RESERVATION-SERVICE/reservation-service:246169e7d62918c95cd003cfbd48e843: registering service...
-2022-03-02 23:54:44.007 - INFO 68592 --- [DiscoveryClient-InstanceInfoReplicator-0] com.netflix.discovery.DiscoveryClient    : DiscoveryClient_RESERVATION-SERVICE/reservation-service:246169e7d62918c95cd003cfbd48e843 - registration status: 204
-2022-03-02 23:54:44.263 - INFO 68592 --- [RMI TCP Connection(156)-127.0.0.1] j.LocalContainerEntityManagerFactoryBean : Closing JPA EntityManagerFactory for persistence unit 'default'
-2022-03-02 23:54:44.290 - INFO 68592 --- [RMI TCP Connection(156)-127.0.0.1] com.zaxxer.hikari.HikariDataSource       : HikariPool-1 - Shutdown initiated...
-2022-03-02 23:54:44.297 - INFO 68592 --- [RMI TCP Connection(156)-127.0.0.1] com.zaxxer.hikari.HikariDataSource       : HikariPool-1 - Shutdown completed.
-2022-03-02 23:54:44.301 - INFO 68592 --- [RMI TCP Connection(156)-127.0.0.1] com.netflix.discovery.DiscoveryClient    : Shutting down DiscoveryClient ...
-2022-03-02 23:54:47.315 - WARN 68592 --- [DiscoveryClient-1] c.netflix.discovery.TimedSupervisorTask  : task supervisor shutting down, can't accept the task
-2022-03-02 23:54:47.328 - INFO 68592 --- [RMI TCP Connection(156)-127.0.0.1] com.netflix.discovery.DiscoveryClient    : Unregistering ...
-2022-03-02 23:54:47.336 - INFO 68592 --- [RMI TCP Connection(156)-127.0.0.1] com.netflix.discovery.DiscoveryClient    : DiscoveryClient_RESERVATION-SERVICE/reservation-service:246169e7d62918c95cd003cfbd48e843 - deregister  status: 200
-2022-03-02 23:54:47.397 - INFO 68592 --- [RMI TCP Connection(156)-127.0.0.1] com.netflix.discovery.DiscoveryClient    : Completed shut down of DiscoveryClient
-