2022-03-03 09:39:03.444 - INFO 55388 --- [main] c.r.l.r.ReservationServiceApplication    : Starting ReservationServiceApplication using Java 15.0.2 on HP-VSAQU6E5 with PID 55388 (C:\Users\Ronav\git\LibMgmtService\ReservationService\target\classes started by Ronav in C:\Users\Ronav\git\LibMgmtService\ReservationService)
-2022-03-03 09:39:03.448 - INFO 55388 --- [main] c.r.l.r.ReservationServiceApplication    : No active profile set, falling back to default profiles: default
-2022-03-03 09:39:04.206 - INFO 55388 --- [main] .s.d.r.c.RepositoryConfigurationDelegate : Bootstrapping Spring Data JPA repositories in DEFAULT mode.
-2022-03-03 09:39:04.360 - INFO 55388 --- [main] .s.d.r.c.RepositoryConfigurationDelegate : Finished Spring Data repository scanning in 134 ms. Found 1 JPA repository interfaces.
-2022-03-03 09:39:04.478 - WARN 55388 --- [main] o.s.boot.actuate.endpoint.EndpointId     : Endpoint ID 'hystrix.stream' contains invalid characters, please migrate to a valid format.
-2022-03-03 09:39:04.601 - INFO 55388 --- [main] o.s.cloud.context.scope.GenericScope     : BeanFactory id=75a0fc6c-b16b-3ba1-aa9f-88f200b52bea
-2022-03-03 09:39:05.132 - INFO 55388 --- [main] o.s.b.w.embedded.tomcat.TomcatWebServer  : Tomcat initialized with port(s): 0 (http)
-2022-03-03 09:39:05.158 - INFO 55388 --- [main] o.apache.catalina.core.StandardService   : Starting service [Tomcat]
-2022-03-03 09:39:05.158 - INFO 55388 --- [main] org.apache.catalina.core.StandardEngine  : Starting Servlet engine: [Apache Tomcat/9.0.55]
-2022-03-03 09:39:05.341 - INFO 55388 --- [main] o.a.c.c.C.[Tomcat].[localhost].[/]       : Initializing Spring embedded WebApplicationContext
-2022-03-03 09:39:05.342 - INFO 55388 --- [main] w.s.c.ServletWebServerApplicationContext : Root WebApplicationContext: initialization completed in 1860 ms
-2022-03-03 09:39:05.512 - WARN 55388 --- [main] c.n.c.sources.URLConfigurationSource     : No URLs will be polled as dynamic configuration sources.
-2022-03-03 09:39:05.512 - INFO 55388 --- [main] c.n.c.sources.URLConfigurationSource     : To enable URLs as dynamic configuration sources, define System property archaius.configurationSource.additionalUrls or make config.properties available on classpath.
-2022-03-03 09:39:05.534 - INFO 55388 --- [main] c.netflix.config.DynamicPropertyFactory  : DynamicPropertyFactory is initialized with configuration sources: com.netflix.config.ConcurrentCompositeConfiguration@5aab5b31
-2022-03-03 09:39:05.740 - INFO 55388 --- [main] o.s.b.a.e.web.ServletEndpointRegistrar   : Registered '/actuator/hystrix.stream' to hystrix.stream-actuator-endpoint
-2022-03-03 09:39:05.902 - INFO 55388 --- [main] o.hibernate.jpa.internal.util.LogHelper  : HHH000204: Processing PersistenceUnitInfo [name: default]
-2022-03-03 09:39:05.946 - INFO 55388 --- [main] org.hibernate.Version                    : HHH000412: Hibernate ORM core version 5.6.1.Final
-2022-03-03 09:39:06.095 - INFO 55388 --- [main] o.hibernate.annotations.common.Version   : HCANN000001: Hibernate Commons Annotations {5.1.2.Final}
-2022-03-03 09:39:06.189 - INFO 55388 --- [main] com.zaxxer.hikari.HikariDataSource       : HikariPool-1 - Starting...
-2022-03-03 09:39:06.569 - INFO 55388 --- [main] com.zaxxer.hikari.HikariDataSource       : HikariPool-1 - Start completed.
-2022-03-03 09:39:06.621 - INFO 55388 --- [main] org.hibernate.dialect.Dialect            : HHH000400: Using dialect: org.hibernate.dialect.MySQL8Dialect
-2022-03-03 09:39:07.258 - INFO 55388 --- [main] o.h.e.t.j.p.i.JtaPlatformInitiator       : HHH000490: Using JtaPlatform implementation: [org.hibernate.engine.transaction.jta.platform.internal.NoJtaPlatform]
-2022-03-03 09:39:07.275 - INFO 55388 --- [main] j.LocalContainerEntityManagerFactoryBean : Initialized JPA EntityManagerFactory for persistence unit 'default'
-2022-03-03 09:39:07.690 - WARN 55388 --- [main] c.n.c.sources.URLConfigurationSource     : No URLs will be polled as dynamic configuration sources.
-2022-03-03 09:39:07.690 - INFO 55388 --- [main] c.n.c.sources.URLConfigurationSource     : To enable URLs as dynamic configuration sources, define System property archaius.configurationSource.additionalUrls or make config.properties available on classpath.
-2022-03-03 09:39:07.725 - WARN 55388 --- [main] JpaBaseConfiguration$JpaWebConfiguration : spring.jpa.open-in-view is enabled by default. Therefore, database queries may be performed during view rendering. Explicitly configure spring.jpa.open-in-view to disable this warning
-2022-03-03 09:39:08.686 - INFO 55388 --- [main] DiscoveryClientOptionalArgsConfiguration : Eureka HTTP Client uses RestTemplate.
-2022-03-03 09:39:08.743 - WARN 55388 --- [main] iguration$LoadBalancerCaffeineWarnLogger : Spring Cloud LoadBalancer is currently working with the default cache. You can switch to using Caffeine cache, by adding it and org.springframework.cache.caffeine.CaffeineCacheManager to the classpath.
-2022-03-03 09:39:08.762 - INFO 55388 --- [main] o.s.b.a.e.web.EndpointLinksResolver      : Exposing 19 endpoint(s) beneath base path '/actuator'
-2022-03-03 09:39:08.853 - INFO 55388 --- [main] o.s.b.w.embedded.tomcat.TomcatWebServer  : Tomcat started on port(s): 50648 (http) with context path ''
-2022-03-03 09:39:08.862 - INFO 55388 --- [main] .s.c.n.e.s.EurekaAutoServiceRegistration : Updating port to 50648
-2022-03-03 09:39:08.867 - INFO 55388 --- [main] o.s.c.n.eureka.InstanceInfoFactory       : Setting initial instance status as: STARTING
-2022-03-03 09:39:08.916 - INFO 55388 --- [main] com.netflix.discovery.DiscoveryClient    : Initializing Eureka in region us-east-1
-2022-03-03 09:39:08.920 - INFO 55388 --- [main] c.n.d.s.r.aws.ConfigClusterResolver      : Resolving eureka endpoints via configuration
-2022-03-03 09:39:08.948 - INFO 55388 --- [main] com.netflix.discovery.DiscoveryClient    : Disable delta property : false
-2022-03-03 09:39:08.948 - INFO 55388 --- [main] com.netflix.discovery.DiscoveryClient    : Single vip registry refresh property : null
-2022-03-03 09:39:08.948 - INFO 55388 --- [main] com.netflix.discovery.DiscoveryClient    : Force full registry fetch : false
-2022-03-03 09:39:08.949 - INFO 55388 --- [main] com.netflix.discovery.DiscoveryClient    : Application is null : false
-2022-03-03 09:39:08.949 - INFO 55388 --- [main] com.netflix.discovery.DiscoveryClient    : Registered Applications size is zero : true
-2022-03-03 09:39:08.949 - INFO 55388 --- [main] com.netflix.discovery.DiscoveryClient    : Application version is -1: true
-2022-03-03 09:39:08.949 - INFO 55388 --- [main] com.netflix.discovery.DiscoveryClient    : Getting all instance registry info from the eureka server
-2022-03-03 09:39:09.197 - INFO 55388 --- [main] com.netflix.discovery.DiscoveryClient    : The response status is 200
-2022-03-03 09:39:09.204 - INFO 55388 --- [main] com.netflix.discovery.DiscoveryClient    : Starting heartbeat executor: renew interval is: 30
-2022-03-03 09:39:09.210 - INFO 55388 --- [main] c.n.discovery.InstanceInfoReplicator     : InstanceInfoReplicator onDemand update allowed rate per min is 4
-2022-03-03 09:39:09.223 - INFO 55388 --- [main] com.netflix.discovery.DiscoveryClient    : Discovery Client initialized at timestamp 1646280549222 with initial instances count: 2
-2022-03-03 09:39:09.226 - INFO 55388 --- [main] o.s.c.n.e.s.EurekaServiceRegistry        : Registering application RESERVATION-SERVICE with eureka with status UP
-2022-03-03 09:39:09.226 - INFO 55388 --- [main] com.netflix.discovery.DiscoveryClient    : Saw local status change event StatusChangeEvent [timestamp=1646280549226, current=UP, previous=STARTING]
-2022-03-03 09:39:09.228 - INFO 55388 --- [DiscoveryClient-InstanceInfoReplicator-0] com.netflix.discovery.DiscoveryClient    : DiscoveryClient_RESERVATION-SERVICE/reservation-service:b8b03e6e705cf590ad6ef6f19683f3ee: registering service...
-2022-03-03 09:39:09.268 - INFO 55388 --- [DiscoveryClient-InstanceInfoReplicator-0] com.netflix.discovery.DiscoveryClient    : DiscoveryClient_RESERVATION-SERVICE/reservation-service:b8b03e6e705cf590ad6ef6f19683f3ee - registration status: 204
-2022-03-03 09:39:09.328 - INFO 55388 --- [main] c.r.l.r.ReservationServiceApplication    : Started ReservationServiceApplication in 6.325 seconds (JVM running for 7.139)
-2022-03-03 09:39:10.467 - INFO 55388 --- [RMI TCP Connection(10)-127.0.0.1] o.a.c.c.C.[Tomcat].[localhost].[/]       : Initializing Spring DispatcherServlet 'dispatcherServlet'
-2022-03-03 09:39:10.468 - INFO 55388 --- [RMI TCP Connection(10)-127.0.0.1] o.s.web.servlet.DispatcherServlet        : Initializing Servlet 'dispatcherServlet'
-2022-03-03 09:39:10.471 - INFO 55388 --- [RMI TCP Connection(10)-127.0.0.1] o.s.web.servlet.DispatcherServlet        : Completed initialization in 3 ms
-2022-03-03 09:42:34.397 - INFO 55388 --- [hystrix-allReservationsThreadPool-1] c.r.l.r.rest.ReservationController       : Entering getAllReservations()
-2022-03-03 09:42:34.450 -TRACE 55388 --- [hystrix-allReservationsThreadPool-1] c.r.l.r.rest.ReservationController       : Reservation count: 1
-2022-03-03 09:42:34.451 - INFO 55388 --- [hystrix-allReservationsThreadPool-1] c.r.l.r.rest.ReservationController       : Returning from getAllReservations()
-2022-03-03 09:42:40.839 - INFO 55388 --- [hystrix-allReservationsThreadPool-2] c.r.l.r.rest.ReservationController       : Entering getAllReservations()
-2022-03-03 09:42:40.849 -TRACE 55388 --- [hystrix-allReservationsThreadPool-2] c.r.l.r.rest.ReservationController       : Reservation count: 1
-2022-03-03 09:42:40.849 - INFO 55388 --- [hystrix-allReservationsThreadPool-2] c.r.l.r.rest.ReservationController       : Returning from getAllReservations()
-2022-03-03 09:43:25.083 - INFO 55388 --- [hystrix-allReservationsThreadPool-3] c.r.l.r.rest.ReservationController       : Entering getAllReservations()
-2022-03-03 09:43:25.090 -TRACE 55388 --- [hystrix-allReservationsThreadPool-3] c.r.l.r.rest.ReservationController       : Reservation count: 1
-2022-03-03 09:43:25.090 - INFO 55388 --- [hystrix-allReservationsThreadPool-3] c.r.l.r.rest.ReservationController       : Returning from getAllReservations()
-2022-03-03 09:44:08.965 - INFO 55388 --- [AsyncResolver-bootstrap-executor-0] c.n.d.s.r.aws.ConfigClusterResolver      : Resolving eureka endpoints via configuration
-2022-03-03 09:49:08.978 - INFO 55388 --- [AsyncResolver-bootstrap-executor-0] c.n.d.s.r.aws.ConfigClusterResolver      : Resolving eureka endpoints via configuration
-2022-03-03 09:54:08.982 - INFO 55388 --- [AsyncResolver-bootstrap-executor-0] c.n.d.s.r.aws.ConfigClusterResolver      : Resolving eureka endpoints via configuration
-2022-03-03 09:59:08.995 - INFO 55388 --- [AsyncResolver-bootstrap-executor-0] c.n.d.s.r.aws.ConfigClusterResolver      : Resolving eureka endpoints via configuration
-2022-03-03 10:04:09.000 - INFO 55388 --- [AsyncResolver-bootstrap-executor-0] c.n.d.s.r.aws.ConfigClusterResolver      : Resolving eureka endpoints via configuration
-2022-03-03 10:09:09.036 - INFO 55388 --- [AsyncResolver-bootstrap-executor-0] c.n.d.s.r.aws.ConfigClusterResolver      : Resolving eureka endpoints via configuration
-2022-03-03 10:14:09.046 - INFO 55388 --- [AsyncResolver-bootstrap-executor-0] c.n.d.s.r.aws.ConfigClusterResolver      : Resolving eureka endpoints via configuration
-2022-03-03 10:19:09.061 - INFO 55388 --- [AsyncResolver-bootstrap-executor-0] c.n.d.s.r.aws.ConfigClusterResolver      : Resolving eureka endpoints via configuration
-2022-03-03 10:24:09.066 - INFO 55388 --- [AsyncResolver-bootstrap-executor-0] c.n.d.s.r.aws.ConfigClusterResolver      : Resolving eureka endpoints via configuration
-2022-03-03 10:29:09.084 - INFO 55388 --- [AsyncResolver-bootstrap-executor-0] c.n.d.s.r.aws.ConfigClusterResolver      : Resolving eureka endpoints via configuration
-2022-03-03 10:34:09.110 - INFO 55388 --- [AsyncResolver-bootstrap-executor-0] c.n.d.s.r.aws.ConfigClusterResolver      : Resolving eureka endpoints via configuration
-2022-03-03 10:39:09.131 - INFO 55388 --- [AsyncResolver-bootstrap-executor-0] c.n.d.s.r.aws.ConfigClusterResolver      : Resolving eureka endpoints via configuration
-2022-03-03 10:44:09.142 - INFO 55388 --- [AsyncResolver-bootstrap-executor-0] c.n.d.s.r.aws.ConfigClusterResolver      : Resolving eureka endpoints via configuration
-2022-03-03 10:49:09.149 - INFO 55388 --- [AsyncResolver-bootstrap-executor-0] c.n.d.s.r.aws.ConfigClusterResolver      : Resolving eureka endpoints via configuration
-2022-03-03 10:54:09.163 - INFO 55388 --- [AsyncResolver-bootstrap-executor-0] c.n.d.s.r.aws.ConfigClusterResolver      : Resolving eureka endpoints via configuration
-2022-03-03 10:59:09.178 - INFO 55388 --- [AsyncResolver-bootstrap-executor-0] c.n.d.s.r.aws.ConfigClusterResolver      : Resolving eureka endpoints via configuration
-2022-03-03 11:04:09.193 - INFO 55388 --- [AsyncResolver-bootstrap-executor-0] c.n.d.s.r.aws.ConfigClusterResolver      : Resolving eureka endpoints via configuration
-2022-03-03 11:09:09.201 - INFO 55388 --- [AsyncResolver-bootstrap-executor-0] c.n.d.s.r.aws.ConfigClusterResolver      : Resolving eureka endpoints via configuration
-2022-03-03 11:14:09.202 - INFO 55388 --- [AsyncResolver-bootstrap-executor-0] c.n.d.s.r.aws.ConfigClusterResolver      : Resolving eureka endpoints via configuration
-2022-03-03 11:19:09.211 - INFO 55388 --- [AsyncResolver-bootstrap-executor-0] c.n.d.s.r.aws.ConfigClusterResolver      : Resolving eureka endpoints via configuration
-2022-03-03 11:22:06.323 - INFO 55388 --- [RMI TCP Connection(113)-127.0.0.1] inMXBeanRegistrar$SpringApplicationAdmin : Application shutdown requested.
-2022-03-03 11:22:06.369 - INFO 55388 --- [RMI TCP Connection(113)-127.0.0.1] o.s.c.n.e.s.EurekaServiceRegistry        : Unregistering application RESERVATION-SERVICE with eureka with status DOWN
-2022-03-03 11:22:06.372 - INFO 55388 --- [RMI TCP Connection(113)-127.0.0.1] com.netflix.discovery.DiscoveryClient    : Saw local status change event StatusChangeEvent [timestamp=1646286726371, current=DOWN, previous=UP]
-2022-03-03 11:22:06.373 - INFO 55388 --- [DiscoveryClient-InstanceInfoReplicator-0] com.netflix.discovery.DiscoveryClient    : DiscoveryClient_RESERVATION-SERVICE/reservation-service:b8b03e6e705cf590ad6ef6f19683f3ee: registering service...
-2022-03-03 11:22:06.411 - INFO 55388 --- [DiscoveryClient-InstanceInfoReplicator-0] com.netflix.discovery.DiscoveryClient    : DiscoveryClient_RESERVATION-SERVICE/reservation-service:b8b03e6e705cf590ad6ef6f19683f3ee - registration status: 204
-2022-03-03 11:22:06.721 - INFO 55388 --- [RMI TCP Connection(113)-127.0.0.1] j.LocalContainerEntityManagerFactoryBean : Closing JPA EntityManagerFactory for persistence unit 'default'
-2022-03-03 11:22:06.765 - INFO 55388 --- [RMI TCP Connection(113)-127.0.0.1] com.zaxxer.hikari.HikariDataSource       : HikariPool-1 - Shutdown initiated...
-2022-03-03 11:22:06.804 - INFO 55388 --- [RMI TCP Connection(113)-127.0.0.1] com.zaxxer.hikari.HikariDataSource       : HikariPool-1 - Shutdown completed.
-2022-03-03 11:22:06.809 - INFO 55388 --- [RMI TCP Connection(113)-127.0.0.1] com.netflix.discovery.DiscoveryClient    : Shutting down DiscoveryClient ...
-2022-03-03 11:22:09.863 - INFO 55388 --- [RMI TCP Connection(113)-127.0.0.1] com.netflix.discovery.DiscoveryClient    : Unregistering ...
-2022-03-03 11:22:09.884 - INFO 55388 --- [RMI TCP Connection(113)-127.0.0.1] com.netflix.discovery.DiscoveryClient    : DiscoveryClient_RESERVATION-SERVICE/reservation-service:b8b03e6e705cf590ad6ef6f19683f3ee - deregister  status: 200
-2022-03-03 11:22:10.009 - INFO 55388 --- [RMI TCP Connection(113)-127.0.0.1] com.netflix.discovery.DiscoveryClient    : Completed shut down of DiscoveryClient
-2022-03-03 11:22:17.719 - INFO 55260 --- [main] c.r.l.r.ReservationServiceApplication    : Starting ReservationServiceApplication using Java 15.0.2 on HP-VSAQU6E5 with PID 55260 (C:\Users\Ronav\git\LibMgmtService\ReservationService\target\classes started by Ronav in C:\Users\Ronav\git\LibMgmtService\ReservationService)
-2022-03-03 11:22:17.722 - INFO 55260 --- [main] c.r.l.r.ReservationServiceApplication    : No active profile set, falling back to default profiles: default
-2022-03-03 11:22:18.659 - INFO 55260 --- [main] .s.d.r.c.RepositoryConfigurationDelegate : Bootstrapping Spring Data JPA repositories in DEFAULT mode.
-2022-03-03 11:22:18.835 - INFO 55260 --- [main] .s.d.r.c.RepositoryConfigurationDelegate : Finished Spring Data repository scanning in 166 ms. Found 1 JPA repository interfaces.
-2022-03-03 11:22:18.931 - WARN 55260 --- [main] o.s.boot.actuate.endpoint.EndpointId     : Endpoint ID 'hystrix.stream' contains invalid characters, please migrate to a valid format.
-2022-03-03 11:22:19.027 - INFO 55260 --- [main] o.s.cloud.context.scope.GenericScope     : BeanFactory id=75a0fc6c-b16b-3ba1-aa9f-88f200b52bea
-2022-03-03 11:22:19.564 - INFO 55260 --- [main] o.s.b.w.embedded.tomcat.TomcatWebServer  : Tomcat initialized with port(s): 0 (http)
-2022-03-03 11:22:19.575 - INFO 55260 --- [main] o.apache.catalina.core.StandardService   : Starting service [Tomcat]
-2022-03-03 11:22:19.575 - INFO 55260 --- [main] org.apache.catalina.core.StandardEngine  : Starting Servlet engine: [Apache Tomcat/9.0.55]
-2022-03-03 11:22:19.698 - INFO 55260 --- [main] o.a.c.c.C.[Tomcat].[localhost].[/]       : Initializing Spring embedded WebApplicationContext
-2022-03-03 11:22:19.698 - INFO 55260 --- [main] w.s.c.ServletWebServerApplicationContext : Root WebApplicationContext: initialization completed in 1936 ms
-2022-03-03 11:22:19.785 - WARN 55260 --- [main] c.n.c.sources.URLConfigurationSource     : No URLs will be polled as dynamic configuration sources.
-2022-03-03 11:22:19.785 - INFO 55260 --- [main] c.n.c.sources.URLConfigurationSource     : To enable URLs as dynamic configuration sources, define System property archaius.configurationSource.additionalUrls or make config.properties available on classpath.
-2022-03-03 11:22:19.799 - INFO 55260 --- [main] c.netflix.config.DynamicPropertyFactory  : DynamicPropertyFactory is initialized with configuration sources: com.netflix.config.ConcurrentCompositeConfiguration@5731caaf
-2022-03-03 11:22:19.891 - INFO 55260 --- [main] o.s.b.a.e.web.ServletEndpointRegistrar   : Registered '/actuator/hystrix.stream' to hystrix.stream-actuator-endpoint
-2022-03-03 11:22:20.039 - INFO 55260 --- [main] o.hibernate.jpa.internal.util.LogHelper  : HHH000204: Processing PersistenceUnitInfo [name: default]
-2022-03-03 11:22:20.118 - INFO 55260 --- [main] org.hibernate.Version                    : HHH000412: Hibernate ORM core version 5.6.1.Final
-2022-03-03 11:22:20.341 - INFO 55260 --- [main] o.hibernate.annotations.common.Version   : HCANN000001: Hibernate Commons Annotations {5.1.2.Final}
-2022-03-03 11:22:20.458 - INFO 55260 --- [main] com.zaxxer.hikari.HikariDataSource       : HikariPool-1 - Starting...
-2022-03-03 11:22:20.830 - INFO 55260 --- [main] com.zaxxer.hikari.HikariDataSource       : HikariPool-1 - Start completed.
-2022-03-03 11:22:20.864 - INFO 55260 --- [main] org.hibernate.dialect.Dialect            : HHH000400: Using dialect: org.hibernate.dialect.MySQL8Dialect
-2022-03-03 11:22:21.519 - INFO 55260 --- [main] o.h.e.t.j.p.i.JtaPlatformInitiator       : HHH000490: Using JtaPlatform implementation: [org.hibernate.engine.transaction.jta.platform.internal.NoJtaPlatform]
-2022-03-03 11:22:21.526 - INFO 55260 --- [main] j.LocalContainerEntityManagerFactoryBean : Initialized JPA EntityManagerFactory for persistence unit 'default'
-2022-03-03 11:22:21.928 - WARN 55260 --- [main] c.n.c.sources.URLConfigurationSource     : No URLs will be polled as dynamic configuration sources.
-2022-03-03 11:22:21.928 - INFO 55260 --- [main] c.n.c.sources.URLConfigurationSource     : To enable URLs as dynamic configuration sources, define System property archaius.configurationSource.additionalUrls or make config.properties available on classpath.
-2022-03-03 11:22:21.962 - WARN 55260 --- [main] JpaBaseConfiguration$JpaWebConfiguration : spring.jpa.open-in-view is enabled by default. Therefore, database queries may be performed during view rendering. Explicitly configure spring.jpa.open-in-view to disable this warning
-2022-03-03 11:22:22.720 - INFO 55260 --- [main] DiscoveryClientOptionalArgsConfiguration : Eureka HTTP Client uses RestTemplate.
-2022-03-03 11:22:22.780 - WARN 55260 --- [main] iguration$LoadBalancerCaffeineWarnLogger : Spring Cloud LoadBalancer is currently working with the default cache. You can switch to using Caffeine cache, by adding it and org.springframework.cache.caffeine.CaffeineCacheManager to the classpath.
-2022-03-03 11:22:22.791 - INFO 55260 --- [main] o.s.b.a.e.web.EndpointLinksResolver      : Exposing 19 endpoint(s) beneath base path '/actuator'
-2022-03-03 11:22:22.863 - INFO 55260 --- [main] o.s.b.w.embedded.tomcat.TomcatWebServer  : Tomcat started on port(s): 54449 (http) with context path ''
-2022-03-03 11:22:22.864 - INFO 55260 --- [main] .s.c.n.e.s.EurekaAutoServiceRegistration : Updating port to 54449
-2022-03-03 11:22:22.868 - INFO 55260 --- [main] o.s.c.n.eureka.InstanceInfoFactory       : Setting initial instance status as: STARTING
-2022-03-03 11:22:22.919 - INFO 55260 --- [main] com.netflix.discovery.DiscoveryClient    : Initializing Eureka in region us-east-1
-2022-03-03 11:22:22.923 - INFO 55260 --- [main] c.n.d.s.r.aws.ConfigClusterResolver      : Resolving eureka endpoints via configuration
-2022-03-03 11:22:22.955 - INFO 55260 --- [main] com.netflix.discovery.DiscoveryClient    : Disable delta property : false
-2022-03-03 11:22:22.955 - INFO 55260 --- [main] com.netflix.discovery.DiscoveryClient    : Single vip registry refresh property : null
-2022-03-03 11:22:22.956 - INFO 55260 --- [main] com.netflix.discovery.DiscoveryClient    : Force full registry fetch : false
-2022-03-03 11:22:22.956 - INFO 55260 --- [main] com.netflix.discovery.DiscoveryClient    : Application is null : false
-2022-03-03 11:22:22.956 - INFO 55260 --- [main] com.netflix.discovery.DiscoveryClient    : Registered Applications size is zero : true
-2022-03-03 11:22:22.957 - INFO 55260 --- [main] com.netflix.discovery.DiscoveryClient    : Application version is -1: true
-2022-03-03 11:22:22.957 - INFO 55260 --- [main] com.netflix.discovery.DiscoveryClient    : Getting all instance registry info from the eureka server
-2022-03-03 11:22:23.212 - INFO 55260 --- [main] com.netflix.discovery.DiscoveryClient    : The response status is 200
-2022-03-03 11:22:23.219 - INFO 55260 --- [main] com.netflix.discovery.DiscoveryClient    : Starting heartbeat executor: renew interval is: 30
-2022-03-03 11:22:23.226 - INFO 55260 --- [main] c.n.discovery.InstanceInfoReplicator     : InstanceInfoReplicator onDemand update allowed rate per min is 4
-2022-03-03 11:22:23.242 - INFO 55260 --- [main] com.netflix.discovery.DiscoveryClient    : Discovery Client initialized at timestamp 1646286743241 with initial instances count: 4
-2022-03-03 11:22:23.244 - INFO 55260 --- [main] o.s.c.n.e.s.EurekaServiceRegistry        : Registering application RESERVATION-SERVICE with eureka with status UP
-2022-03-03 11:22:23.245 - INFO 55260 --- [main] com.netflix.discovery.DiscoveryClient    : Saw local status change event StatusChangeEvent [timestamp=1646286743245, current=UP, previous=STARTING]
-2022-03-03 11:22:23.247 - INFO 55260 --- [DiscoveryClient-InstanceInfoReplicator-0] com.netflix.discovery.DiscoveryClient    : DiscoveryClient_RESERVATION-SERVICE/reservation-service:534c39f57622a3d2b091aff8d537b4c3: registering service...
-2022-03-03 11:22:23.272 - INFO 55260 --- [DiscoveryClient-InstanceInfoReplicator-0] com.netflix.discovery.DiscoveryClient    : DiscoveryClient_RESERVATION-SERVICE/reservation-service:534c39f57622a3d2b091aff8d537b4c3 - registration status: 204
-2022-03-03 11:22:23.297 - INFO 55260 --- [RMI TCP Connection(3)-127.0.0.1] o.a.c.c.C.[Tomcat].[localhost].[/]       : Initializing Spring DispatcherServlet 'dispatcherServlet'
-2022-03-03 11:22:23.298 - INFO 55260 --- [RMI TCP Connection(3)-127.0.0.1] o.s.web.servlet.DispatcherServlet        : Initializing Servlet 'dispatcherServlet'
-2022-03-03 11:22:23.300 - INFO 55260 --- [RMI TCP Connection(3)-127.0.0.1] o.s.web.servlet.DispatcherServlet        : Completed initialization in 2 ms
-2022-03-03 11:22:23.342 - INFO 55260 --- [main] c.r.l.r.ReservationServiceApplication    : Started ReservationServiceApplication in 6.082 seconds (JVM running for 6.871)
-2022-03-03 11:22:59.544 -ERROR 55260 --- [http-nio-auto-1-exec-1] c.r.l.r.exception.AppExceptionHandler    : *** EXCEPTION *** Unable to make private java.net.http.HttpHeaders(java.util.Map) accessible: module java.net.http does not "opens java.net.http" to unnamed module @781aff8b
-2022-03-03 11:25:59.791 - INFO 55260 --- [RMI TCP Connection(15)-127.0.0.1] inMXBeanRegistrar$SpringApplicationAdmin : Application shutdown requested.
-2022-03-03 11:25:59.792 - INFO 55260 --- [RMI TCP Connection(15)-127.0.0.1] o.s.c.n.e.s.EurekaServiceRegistry        : Unregistering application RESERVATION-SERVICE with eureka with status DOWN
-2022-03-03 11:25:59.793 - INFO 55260 --- [RMI TCP Connection(15)-127.0.0.1] com.netflix.discovery.DiscoveryClient    : Saw local status change event StatusChangeEvent [timestamp=1646286959793, current=DOWN, previous=UP]
-2022-03-03 11:25:59.793 - INFO 55260 --- [DiscoveryClient-InstanceInfoReplicator-0] com.netflix.discovery.DiscoveryClient    : DiscoveryClient_RESERVATION-SERVICE/reservation-service:534c39f57622a3d2b091aff8d537b4c3: registering service...
-2022-03-03 11:25:59.797 - INFO 55260 --- [DiscoveryClient-InstanceInfoReplicator-0] com.netflix.discovery.DiscoveryClient    : DiscoveryClient_RESERVATION-SERVICE/reservation-service:534c39f57622a3d2b091aff8d537b4c3 - registration status: 204
-2022-03-03 11:25:59.823 - INFO 55260 --- [RMI TCP Connection(15)-127.0.0.1] j.LocalContainerEntityManagerFactoryBean : Closing JPA EntityManagerFactory for persistence unit 'default'
-2022-03-03 11:25:59.826 - INFO 55260 --- [RMI TCP Connection(15)-127.0.0.1] com.zaxxer.hikari.HikariDataSource       : HikariPool-1 - Shutdown initiated...
-2022-03-03 11:25:59.833 - INFO 55260 --- [RMI TCP Connection(15)-127.0.0.1] com.zaxxer.hikari.HikariDataSource       : HikariPool-1 - Shutdown completed.
-2022-03-03 11:25:59.835 - INFO 55260 --- [RMI TCP Connection(15)-127.0.0.1] com.netflix.discovery.DiscoveryClient    : Shutting down DiscoveryClient ...
-2022-03-03 11:26:02.853 - INFO 55260 --- [RMI TCP Connection(15)-127.0.0.1] com.netflix.discovery.DiscoveryClient    : Unregistering ...
-2022-03-03 11:26:02.856 - INFO 55260 --- [RMI TCP Connection(15)-127.0.0.1] com.netflix.discovery.DiscoveryClient    : DiscoveryClient_RESERVATION-SERVICE/reservation-service:534c39f57622a3d2b091aff8d537b4c3 - deregister  status: 200
-2022-03-03 11:26:02.903 - INFO 55260 --- [RMI TCP Connection(15)-127.0.0.1] com.netflix.discovery.DiscoveryClient    : Completed shut down of DiscoveryClient
-2022-03-03 11:26:10.202 - INFO 64932 --- [main] c.r.l.r.ReservationServiceApplication    : Starting ReservationServiceApplication using Java 15.0.2 on HP-VSAQU6E5 with PID 64932 (C:\Users\Ronav\git\LibMgmtService\ReservationService\target\classes started by Ronav in C:\Users\Ronav\git\LibMgmtService\ReservationService)
-2022-03-03 11:26:10.204 - INFO 64932 --- [main] c.r.l.r.ReservationServiceApplication    : No active profile set, falling back to default profiles: default
-2022-03-03 11:26:10.889 - INFO 64932 --- [main] .s.d.r.c.RepositoryConfigurationDelegate : Bootstrapping Spring Data JPA repositories in DEFAULT mode.
-2022-03-03 11:26:10.993 - INFO 64932 --- [main] .s.d.r.c.RepositoryConfigurationDelegate : Finished Spring Data repository scanning in 97 ms. Found 1 JPA repository interfaces.
-2022-03-03 11:26:11.080 - WARN 64932 --- [main] o.s.boot.actuate.endpoint.EndpointId     : Endpoint ID 'hystrix.stream' contains invalid characters, please migrate to a valid format.
-2022-03-03 11:26:11.166 - INFO 64932 --- [main] o.s.cloud.context.scope.GenericScope     : BeanFactory id=75a0fc6c-b16b-3ba1-aa9f-88f200b52bea
-2022-03-03 11:26:11.511 - INFO 64932 --- [main] o.s.b.w.embedded.tomcat.TomcatWebServer  : Tomcat initialized with port(s): 0 (http)
-2022-03-03 11:26:11.519 - INFO 64932 --- [main] o.apache.catalina.core.StandardService   : Starting service [Tomcat]
-2022-03-03 11:26:11.519 - INFO 64932 --- [main] org.apache.catalina.core.StandardEngine  : Starting Servlet engine: [Apache Tomcat/9.0.55]
-2022-03-03 11:26:11.638 - INFO 64932 --- [main] o.a.c.c.C.[Tomcat].[localhost].[/]       : Initializing Spring embedded WebApplicationContext
-2022-03-03 11:26:11.638 - INFO 64932 --- [main] w.s.c.ServletWebServerApplicationContext : Root WebApplicationContext: initialization completed in 1404 ms
-2022-03-03 11:26:11.714 - WARN 64932 --- [main] c.n.c.sources.URLConfigurationSource     : No URLs will be polled as dynamic configuration sources.
-2022-03-03 11:26:11.715 - INFO 64932 --- [main] c.n.c.sources.URLConfigurationSource     : To enable URLs as dynamic configuration sources, define System property archaius.configurationSource.additionalUrls or make config.properties available on classpath.
-2022-03-03 11:26:11.723 - INFO 64932 --- [main] c.netflix.config.DynamicPropertyFactory  : DynamicPropertyFactory is initialized with configuration sources: com.netflix.config.ConcurrentCompositeConfiguration@37cfda1c
-2022-03-03 11:26:11.792 - INFO 64932 --- [main] o.s.b.a.e.web.ServletEndpointRegistrar   : Registered '/actuator/hystrix.stream' to hystrix.stream-actuator-endpoint
-2022-03-03 11:26:11.907 - INFO 64932 --- [main] o.hibernate.jpa.internal.util.LogHelper  : HHH000204: Processing PersistenceUnitInfo [name: default]
-2022-03-03 11:26:11.942 - INFO 64932 --- [main] org.hibernate.Version                    : HHH000412: Hibernate ORM core version 5.6.1.Final
-2022-03-03 11:26:12.063 - INFO 64932 --- [main] o.hibernate.annotations.common.Version   : HCANN000001: Hibernate Commons Annotations {5.1.2.Final}
-2022-03-03 11:26:12.143 - INFO 64932 --- [main] com.zaxxer.hikari.HikariDataSource       : HikariPool-1 - Starting...
-2022-03-03 11:26:12.407 - INFO 64932 --- [main] com.zaxxer.hikari.HikariDataSource       : HikariPool-1 - Start completed.
-2022-03-03 11:26:12.430 - INFO 64932 --- [main] org.hibernate.dialect.Dialect            : HHH000400: Using dialect: org.hibernate.dialect.MySQL8Dialect
-2022-03-03 11:26:12.891 - INFO 64932 --- [main] o.h.e.t.j.p.i.JtaPlatformInitiator       : HHH000490: Using JtaPlatform implementation: [org.hibernate.engine.transaction.jta.platform.internal.NoJtaPlatform]
-2022-03-03 11:26:12.897 - INFO 64932 --- [main] j.LocalContainerEntityManagerFactoryBean : Initialized JPA EntityManagerFactory for persistence unit 'default'
-2022-03-03 11:26:13.219 - WARN 64932 --- [main] c.n.c.sources.URLConfigurationSource     : No URLs will be polled as dynamic configuration sources.
-2022-03-03 11:26:13.219 - INFO 64932 --- [main] c.n.c.sources.URLConfigurationSource     : To enable URLs as dynamic configuration sources, define System property archaius.configurationSource.additionalUrls or make config.properties available on classpath.
-2022-03-03 11:26:13.249 - WARN 64932 --- [main] JpaBaseConfiguration$JpaWebConfiguration : spring.jpa.open-in-view is enabled by default. Therefore, database queries may be performed during view rendering. Explicitly configure spring.jpa.open-in-view to disable this warning
-2022-03-03 11:26:13.914 - INFO 64932 --- [main] DiscoveryClientOptionalArgsConfiguration : Eureka HTTP Client uses RestTemplate.
-2022-03-03 11:26:13.961 - WARN 64932 --- [main] iguration$LoadBalancerCaffeineWarnLogger : Spring Cloud LoadBalancer is currently working with the default cache. You can switch to using Caffeine cache, by adding it and org.springframework.cache.caffeine.CaffeineCacheManager to the classpath.
-2022-03-03 11:26:13.971 - INFO 64932 --- [main] o.s.b.a.e.web.EndpointLinksResolver      : Exposing 19 endpoint(s) beneath base path '/actuator'
-2022-03-03 11:26:14.038 - INFO 64932 --- [main] o.s.b.w.embedded.tomcat.TomcatWebServer  : Tomcat started on port(s): 49388 (http) with context path ''
-2022-03-03 11:26:14.040 - INFO 64932 --- [main] .s.c.n.e.s.EurekaAutoServiceRegistration : Updating port to 49388
-2022-03-03 11:26:14.043 - INFO 64932 --- [main] o.s.c.n.eureka.InstanceInfoFactory       : Setting initial instance status as: STARTING
-2022-03-03 11:26:14.086 - INFO 64932 --- [main] com.netflix.discovery.DiscoveryClient    : Initializing Eureka in region us-east-1
-2022-03-03 11:26:14.089 - INFO 64932 --- [main] c.n.d.s.r.aws.ConfigClusterResolver      : Resolving eureka endpoints via configuration
-2022-03-03 11:26:14.122 - INFO 64932 --- [main] com.netflix.discovery.DiscoveryClient    : Disable delta property : false
-2022-03-03 11:26:14.122 - INFO 64932 --- [main] com.netflix.discovery.DiscoveryClient    : Single vip registry refresh property : null
-2022-03-03 11:26:14.122 - INFO 64932 --- [main] com.netflix.discovery.DiscoveryClient    : Force full registry fetch : false
-2022-03-03 11:26:14.122 - INFO 64932 --- [main] com.netflix.discovery.DiscoveryClient    : Application is null : false
-2022-03-03 11:26:14.122 - INFO 64932 --- [main] com.netflix.discovery.DiscoveryClient    : Registered Applications size is zero : true
-2022-03-03 11:26:14.122 - INFO 64932 --- [main] com.netflix.discovery.DiscoveryClient    : Application version is -1: true
-2022-03-03 11:26:14.122 - INFO 64932 --- [main] com.netflix.discovery.DiscoveryClient    : Getting all instance registry info from the eureka server
-2022-03-03 11:26:14.310 - INFO 64932 --- [main] com.netflix.discovery.DiscoveryClient    : The response status is 200
-2022-03-03 11:26:14.316 - INFO 64932 --- [main] com.netflix.discovery.DiscoveryClient    : Starting heartbeat executor: renew interval is: 30
-2022-03-03 11:26:14.323 - INFO 64932 --- [main] c.n.discovery.InstanceInfoReplicator     : InstanceInfoReplicator onDemand update allowed rate per min is 4
-2022-03-03 11:26:14.337 - INFO 64932 --- [main] com.netflix.discovery.DiscoveryClient    : Discovery Client initialized at timestamp 1646286974336 with initial instances count: 4
-2022-03-03 11:26:14.339 - INFO 64932 --- [main] o.s.c.n.e.s.EurekaServiceRegistry        : Registering application RESERVATION-SERVICE with eureka with status UP
-2022-03-03 11:26:14.339 - INFO 64932 --- [main] com.netflix.discovery.DiscoveryClient    : Saw local status change event StatusChangeEvent [timestamp=1646286974339, current=UP, previous=STARTING]
-2022-03-03 11:26:14.341 - INFO 64932 --- [DiscoveryClient-InstanceInfoReplicator-0] com.netflix.discovery.DiscoveryClient    : DiscoveryClient_RESERVATION-SERVICE/reservation-service:c4d6e5d4cc6af3837fb39dad148447bc: registering service...
-2022-03-03 11:26:14.372 - INFO 64932 --- [DiscoveryClient-InstanceInfoReplicator-0] com.netflix.discovery.DiscoveryClient    : DiscoveryClient_RESERVATION-SERVICE/reservation-service:c4d6e5d4cc6af3837fb39dad148447bc - registration status: 204
-2022-03-03 11:26:14.427 - INFO 64932 --- [main] c.r.l.r.ReservationServiceApplication    : Started ReservationServiceApplication in 4.599 seconds (JVM running for 5.218)
-2022-03-03 11:26:14.715 - INFO 64932 --- [RMI TCP Connection(3)-127.0.0.1] o.a.c.c.C.[Tomcat].[localhost].[/]       : Initializing Spring DispatcherServlet 'dispatcherServlet'
-2022-03-03 11:26:14.716 - INFO 64932 --- [RMI TCP Connection(3)-127.0.0.1] o.s.web.servlet.DispatcherServlet        : Initializing Servlet 'dispatcherServlet'
-2022-03-03 11:26:14.717 - INFO 64932 --- [RMI TCP Connection(3)-127.0.0.1] o.s.web.servlet.DispatcherServlet        : Completed initialization in 1 ms
-2022-03-03 11:27:49.928 - INFO 64932 --- [RMI TCP Connection(12)-127.0.0.1] inMXBeanRegistrar$SpringApplicationAdmin : Application shutdown requested.
-2022-03-03 11:27:49.929 - INFO 64932 --- [RMI TCP Connection(12)-127.0.0.1] o.s.c.n.e.s.EurekaServiceRegistry        : Unregistering application RESERVATION-SERVICE with eureka with status DOWN
-2022-03-03 11:27:49.929 - INFO 64932 --- [RMI TCP Connection(12)-127.0.0.1] com.netflix.discovery.DiscoveryClient    : Saw local status change event StatusChangeEvent [timestamp=1646287069929, current=DOWN, previous=UP]
-2022-03-03 11:27:49.929 - INFO 64932 --- [DiscoveryClient-InstanceInfoReplicator-0] com.netflix.discovery.DiscoveryClient    : DiscoveryClient_RESERVATION-SERVICE/reservation-service:c4d6e5d4cc6af3837fb39dad148447bc: registering service...
-2022-03-03 11:27:49.944 - INFO 64932 --- [DiscoveryClient-InstanceInfoReplicator-0] com.netflix.discovery.DiscoveryClient    : DiscoveryClient_RESERVATION-SERVICE/reservation-service:c4d6e5d4cc6af3837fb39dad148447bc - registration status: 204
-2022-03-03 11:27:49.956 - INFO 64932 --- [RMI TCP Connection(12)-127.0.0.1] j.LocalContainerEntityManagerFactoryBean : Closing JPA EntityManagerFactory for persistence unit 'default'
-2022-03-03 11:27:49.957 - INFO 64932 --- [RMI TCP Connection(12)-127.0.0.1] com.zaxxer.hikari.HikariDataSource       : HikariPool-1 - Shutdown initiated...
-2022-03-03 11:27:49.964 - INFO 64932 --- [RMI TCP Connection(12)-127.0.0.1] com.zaxxer.hikari.HikariDataSource       : HikariPool-1 - Shutdown completed.
-2022-03-03 11:27:49.966 - INFO 64932 --- [RMI TCP Connection(12)-127.0.0.1] com.netflix.discovery.DiscoveryClient    : Shutting down DiscoveryClient ...
-2022-03-03 11:27:52.990 - INFO 64932 --- [RMI TCP Connection(12)-127.0.0.1] com.netflix.discovery.DiscoveryClient    : Unregistering ...
-2022-03-03 11:27:52.994 - INFO 64932 --- [RMI TCP Connection(12)-127.0.0.1] com.netflix.discovery.DiscoveryClient    : DiscoveryClient_RESERVATION-SERVICE/reservation-service:c4d6e5d4cc6af3837fb39dad148447bc - deregister  status: 200
-2022-03-03 11:27:53.048 - INFO 64932 --- [RMI TCP Connection(12)-127.0.0.1] com.netflix.discovery.DiscoveryClient    : Completed shut down of DiscoveryClient
-2022-03-03 11:28:00.304 - INFO 57252 --- [main] c.r.l.r.ReservationServiceApplication    : Starting ReservationServiceApplication using Java 15.0.2 on HP-VSAQU6E5 with PID 57252 (C:\Users\Ronav\git\LibMgmtService\ReservationService\target\classes started by Ronav in C:\Users\Ronav\git\LibMgmtService\ReservationService)
-2022-03-03 11:28:00.306 - INFO 57252 --- [main] c.r.l.r.ReservationServiceApplication    : No active profile set, falling back to default profiles: default
-2022-03-03 11:28:00.978 - INFO 57252 --- [main] .s.d.r.c.RepositoryConfigurationDelegate : Bootstrapping Spring Data JPA repositories in DEFAULT mode.
-2022-03-03 11:28:01.080 - INFO 57252 --- [main] .s.d.r.c.RepositoryConfigurationDelegate : Finished Spring Data repository scanning in 95 ms. Found 1 JPA repository interfaces.
-2022-03-03 11:28:01.168 - WARN 57252 --- [main] o.s.boot.actuate.endpoint.EndpointId     : Endpoint ID 'hystrix.stream' contains invalid characters, please migrate to a valid format.
-2022-03-03 11:28:01.256 - INFO 57252 --- [main] o.s.cloud.context.scope.GenericScope     : BeanFactory id=75a0fc6c-b16b-3ba1-aa9f-88f200b52bea
-2022-03-03 11:28:01.604 - INFO 57252 --- [main] o.s.b.w.embedded.tomcat.TomcatWebServer  : Tomcat initialized with port(s): 0 (http)
-2022-03-03 11:28:01.611 - INFO 57252 --- [main] o.apache.catalina.core.StandardService   : Starting service [Tomcat]
-2022-03-03 11:28:01.612 - INFO 57252 --- [main] org.apache.catalina.core.StandardEngine  : Starting Servlet engine: [Apache Tomcat/9.0.55]
-2022-03-03 11:28:01.757 - INFO 57252 --- [main] o.a.c.c.C.[Tomcat].[localhost].[/]       : Initializing Spring embedded WebApplicationContext
-2022-03-03 11:28:01.758 - INFO 57252 --- [main] w.s.c.ServletWebServerApplicationContext : Root WebApplicationContext: initialization completed in 1420 ms
-2022-03-03 11:28:01.837 - WARN 57252 --- [main] c.n.c.sources.URLConfigurationSource     : No URLs will be polled as dynamic configuration sources.
-2022-03-03 11:28:01.838 - INFO 57252 --- [main] c.n.c.sources.URLConfigurationSource     : To enable URLs as dynamic configuration sources, define System property archaius.configurationSource.additionalUrls or make config.properties available on classpath.
-2022-03-03 11:28:01.846 - INFO 57252 --- [main] c.netflix.config.DynamicPropertyFactory  : DynamicPropertyFactory is initialized with configuration sources: com.netflix.config.ConcurrentCompositeConfiguration@37cfda1c
-2022-03-03 11:28:01.927 - INFO 57252 --- [main] o.s.b.a.e.web.ServletEndpointRegistrar   : Registered '/actuator/hystrix.stream' to hystrix.stream-actuator-endpoint
-2022-03-03 11:28:02.039 - INFO 57252 --- [main] o.hibernate.jpa.internal.util.LogHelper  : HHH000204: Processing PersistenceUnitInfo [name: default]
-2022-03-03 11:28:02.075 - INFO 57252 --- [main] org.hibernate.Version                    : HHH000412: Hibernate ORM core version 5.6.1.Final
-2022-03-03 11:28:02.193 - INFO 57252 --- [main] o.hibernate.annotations.common.Version   : HCANN000001: Hibernate Commons Annotations {5.1.2.Final}
-2022-03-03 11:28:02.272 - INFO 57252 --- [main] com.zaxxer.hikari.HikariDataSource       : HikariPool-1 - Starting...
-2022-03-03 11:28:02.545 - INFO 57252 --- [main] com.zaxxer.hikari.HikariDataSource       : HikariPool-1 - Start completed.
-2022-03-03 11:28:02.568 - INFO 57252 --- [main] org.hibernate.dialect.Dialect            : HHH000400: Using dialect: org.hibernate.dialect.MySQL8Dialect
-2022-03-03 11:28:03.036 - INFO 57252 --- [main] o.h.e.t.j.p.i.JtaPlatformInitiator       : HHH000490: Using JtaPlatform implementation: [org.hibernate.engine.transaction.jta.platform.internal.NoJtaPlatform]
-2022-03-03 11:28:03.044 - INFO 57252 --- [main] j.LocalContainerEntityManagerFactoryBean : Initialized JPA EntityManagerFactory for persistence unit 'default'
-2022-03-03 11:28:03.375 - WARN 57252 --- [main] c.n.c.sources.URLConfigurationSource     : No URLs will be polled as dynamic configuration sources.
-2022-03-03 11:28:03.375 - INFO 57252 --- [main] c.n.c.sources.URLConfigurationSource     : To enable URLs as dynamic configuration sources, define System property archaius.configurationSource.additionalUrls or make config.properties available on classpath.
-2022-03-03 11:28:03.409 - WARN 57252 --- [main] JpaBaseConfiguration$JpaWebConfiguration : spring.jpa.open-in-view is enabled by default. Therefore, database queries may be performed during view rendering. Explicitly configure spring.jpa.open-in-view to disable this warning
-2022-03-03 11:28:04.072 - INFO 57252 --- [main] DiscoveryClientOptionalArgsConfiguration : Eureka HTTP Client uses RestTemplate.
-2022-03-03 11:28:04.118 - WARN 57252 --- [main] iguration$LoadBalancerCaffeineWarnLogger : Spring Cloud LoadBalancer is currently working with the default cache. You can switch to using Caffeine cache, by adding it and org.springframework.cache.caffeine.CaffeineCacheManager to the classpath.
-2022-03-03 11:28:04.128 - INFO 57252 --- [main] o.s.b.a.e.web.EndpointLinksResolver      : Exposing 19 endpoint(s) beneath base path '/actuator'
-2022-03-03 11:28:04.193 - INFO 57252 --- [main] o.s.b.w.embedded.tomcat.TomcatWebServer  : Tomcat started on port(s): 58645 (http) with context path ''
-2022-03-03 11:28:04.194 - INFO 57252 --- [main] .s.c.n.e.s.EurekaAutoServiceRegistration : Updating port to 58645
-2022-03-03 11:28:04.197 - INFO 57252 --- [main] o.s.c.n.eureka.InstanceInfoFactory       : Setting initial instance status as: STARTING
-2022-03-03 11:28:04.240 - INFO 57252 --- [main] com.netflix.discovery.DiscoveryClient    : Initializing Eureka in region us-east-1
-2022-03-03 11:28:04.243 - INFO 57252 --- [main] c.n.d.s.r.aws.ConfigClusterResolver      : Resolving eureka endpoints via configuration
-2022-03-03 11:28:04.269 - INFO 57252 --- [main] com.netflix.discovery.DiscoveryClient    : Disable delta property : false
-2022-03-03 11:28:04.269 - INFO 57252 --- [main] com.netflix.discovery.DiscoveryClient    : Single vip registry refresh property : null
-2022-03-03 11:28:04.269 - INFO 57252 --- [main] com.netflix.discovery.DiscoveryClient    : Force full registry fetch : false
-2022-03-03 11:28:04.269 - INFO 57252 --- [main] com.netflix.discovery.DiscoveryClient    : Application is null : false
-2022-03-03 11:28:04.269 - INFO 57252 --- [main] com.netflix.discovery.DiscoveryClient    : Registered Applications size is zero : true
-2022-03-03 11:28:04.269 - INFO 57252 --- [main] com.netflix.discovery.DiscoveryClient    : Application version is -1: true
-2022-03-03 11:28:04.270 - INFO 57252 --- [main] com.netflix.discovery.DiscoveryClient    : Getting all instance registry info from the eureka server
-2022-03-03 11:28:04.472 - INFO 57252 --- [main] com.netflix.discovery.DiscoveryClient    : The response status is 200
-2022-03-03 11:28:04.478 - INFO 57252 --- [main] com.netflix.discovery.DiscoveryClient    : Starting heartbeat executor: renew interval is: 30
-2022-03-03 11:28:04.485 - INFO 57252 --- [main] c.n.discovery.InstanceInfoReplicator     : InstanceInfoReplicator onDemand update allowed rate per min is 4
-2022-03-03 11:28:04.498 - INFO 57252 --- [main] com.netflix.discovery.DiscoveryClient    : Discovery Client initialized at timestamp 1646287084497 with initial instances count: 3
-2022-03-03 11:28:04.500 - INFO 57252 --- [main] o.s.c.n.e.s.EurekaServiceRegistry        : Registering application RESERVATION-SERVICE with eureka with status UP
-2022-03-03 11:28:04.501 - INFO 57252 --- [main] com.netflix.discovery.DiscoveryClient    : Saw local status change event StatusChangeEvent [timestamp=1646287084501, current=UP, previous=STARTING]
-2022-03-03 11:28:04.502 - INFO 57252 --- [DiscoveryClient-InstanceInfoReplicator-0] com.netflix.discovery.DiscoveryClient    : DiscoveryClient_RESERVATION-SERVICE/reservation-service:654e15fdbe409e5c662498e62e14e988: registering service...
-2022-03-03 11:28:04.532 - INFO 57252 --- [DiscoveryClient-InstanceInfoReplicator-0] com.netflix.discovery.DiscoveryClient    : DiscoveryClient_RESERVATION-SERVICE/reservation-service:654e15fdbe409e5c662498e62e14e988 - registration status: 204
-2022-03-03 11:28:04.586 - INFO 57252 --- [main] c.r.l.r.ReservationServiceApplication    : Started ReservationServiceApplication in 4.674 seconds (JVM running for 5.268)
-2022-03-03 11:28:05.420 - INFO 57252 --- [RMI TCP Connection(3)-127.0.0.1] o.a.c.c.C.[Tomcat].[localhost].[/]       : Initializing Spring DispatcherServlet 'dispatcherServlet'
-2022-03-03 11:28:05.420 - INFO 57252 --- [RMI TCP Connection(3)-127.0.0.1] o.s.web.servlet.DispatcherServlet        : Initializing Servlet 'dispatcherServlet'
-2022-03-03 11:28:05.421 - INFO 57252 --- [RMI TCP Connection(3)-127.0.0.1] o.s.web.servlet.DispatcherServlet        : Completed initialization in 0 ms
-2022-03-03 11:28:54.237 - INFO 57252 --- [hystrix-allReservationsThreadPool-1] c.r.l.r.rest.ReservationController       : Entering getAllReservations()
-2022-03-03 11:29:53.627 - INFO 57252 --- [hystrix-allReservationsThreadPool-2] c.r.l.r.rest.ReservationController       : Entering getAllReservations()
-2022-03-03 11:29:58.749 - INFO 57252 --- [hystrix-allReservationsThreadPool-3] c.r.l.r.rest.ReservationController       : Entering getAllReservations()
-2022-03-03 11:30:01.816 - INFO 57252 --- [hystrix-allReservationsThreadPool-4] c.r.l.r.rest.ReservationController       : Entering getAllReservations()
-2022-03-03 11:30:02.756 - INFO 57252 --- [hystrix-allReservationsThreadPool-5] c.r.l.r.rest.ReservationController       : Entering getAllReservations()
-2022-03-03 11:31:23.412 - INFO 57252 --- [hystrix-allReservationsThreadPool-6] c.r.l.r.rest.ReservationController       : Entering getAllReservations()
-2022-03-03 11:32:19.268 - INFO 57252 --- [RMI TCP Connection(14)-127.0.0.1] inMXBeanRegistrar$SpringApplicationAdmin : Application shutdown requested.
-2022-03-03 11:32:19.269 - INFO 57252 --- [RMI TCP Connection(14)-127.0.0.1] o.s.c.n.e.s.EurekaServiceRegistry        : Unregistering application RESERVATION-SERVICE with eureka with status DOWN
-2022-03-03 11:32:19.269 - INFO 57252 --- [RMI TCP Connection(14)-127.0.0.1] com.netflix.discovery.DiscoveryClient    : Saw local status change event StatusChangeEvent [timestamp=1646287339269, current=DOWN, previous=UP]
-2022-03-03 11:32:19.269 - INFO 57252 --- [DiscoveryClient-InstanceInfoReplicator-0] com.netflix.discovery.DiscoveryClient    : DiscoveryClient_RESERVATION-SERVICE/reservation-service:654e15fdbe409e5c662498e62e14e988: registering service...
-2022-03-03 11:32:19.274 - INFO 57252 --- [DiscoveryClient-InstanceInfoReplicator-0] com.netflix.discovery.DiscoveryClient    : DiscoveryClient_RESERVATION-SERVICE/reservation-service:654e15fdbe409e5c662498e62e14e988 - registration status: 204
-2022-03-03 11:32:19.323 - INFO 57252 --- [RMI TCP Connection(14)-127.0.0.1] j.LocalContainerEntityManagerFactoryBean : Closing JPA EntityManagerFactory for persistence unit 'default'
-2022-03-03 11:32:19.325 - INFO 57252 --- [RMI TCP Connection(14)-127.0.0.1] com.zaxxer.hikari.HikariDataSource       : HikariPool-1 - Shutdown initiated...
-2022-03-03 11:32:19.344 - INFO 57252 --- [RMI TCP Connection(14)-127.0.0.1] com.zaxxer.hikari.HikariDataSource       : HikariPool-1 - Shutdown completed.
-2022-03-03 11:32:19.346 - INFO 57252 --- [RMI TCP Connection(14)-127.0.0.1] com.netflix.discovery.DiscoveryClient    : Shutting down DiscoveryClient ...
-2022-03-03 11:32:22.364 - INFO 57252 --- [RMI TCP Connection(14)-127.0.0.1] com.netflix.discovery.DiscoveryClient    : Unregistering ...
-2022-03-03 11:32:22.369 - INFO 57252 --- [RMI TCP Connection(14)-127.0.0.1] com.netflix.discovery.DiscoveryClient    : DiscoveryClient_RESERVATION-SERVICE/reservation-service:654e15fdbe409e5c662498e62e14e988 - deregister  status: 200
-2022-03-03 11:32:22.422 - INFO 57252 --- [RMI TCP Connection(14)-127.0.0.1] com.netflix.discovery.DiscoveryClient    : Completed shut down of DiscoveryClient
-2022-03-03 11:32:30.059 - INFO 67796 --- [main] c.r.l.r.ReservationServiceApplication    : Starting ReservationServiceApplication using Java 15.0.2 on HP-VSAQU6E5 with PID 67796 (C:\Users\Ronav\git\LibMgmtService\ReservationService\target\classes started by Ronav in C:\Users\Ronav\git\LibMgmtService\ReservationService)
-2022-03-03 11:32:30.064 - INFO 67796 --- [main] c.r.l.r.ReservationServiceApplication    : No active profile set, falling back to default profiles: default
-2022-03-03 11:32:30.795 - INFO 67796 --- [main] .s.d.r.c.RepositoryConfigurationDelegate : Bootstrapping Spring Data JPA repositories in DEFAULT mode.
-2022-03-03 11:32:30.930 - INFO 67796 --- [main] .s.d.r.c.RepositoryConfigurationDelegate : Finished Spring Data repository scanning in 128 ms. Found 1 JPA repository interfaces.
-2022-03-03 11:32:31.042 - WARN 67796 --- [main] o.s.boot.actuate.endpoint.EndpointId     : Endpoint ID 'hystrix.stream' contains invalid characters, please migrate to a valid format.
-2022-03-03 11:32:31.134 - INFO 67796 --- [main] o.s.cloud.context.scope.GenericScope     : BeanFactory id=75a0fc6c-b16b-3ba1-aa9f-88f200b52bea
-2022-03-03 11:32:31.547 - INFO 67796 --- [main] o.s.b.w.embedded.tomcat.TomcatWebServer  : Tomcat initialized with port(s): 0 (http)
-