2022-03-03 11:32:31.556 - INFO 67796 --- [main] o.apache.catalina.core.StandardService   : Starting service [Tomcat]
-2022-03-03 11:32:31.558 - INFO 67796 --- [main] org.apache.catalina.core.StandardEngine  : Starting Servlet engine: [Apache Tomcat/9.0.55]
-2022-03-03 11:32:31.672 - INFO 67796 --- [main] o.a.c.c.C.[Tomcat].[localhost].[/]       : Initializing Spring embedded WebApplicationContext
-2022-03-03 11:32:31.672 - INFO 67796 --- [main] w.s.c.ServletWebServerApplicationContext : Root WebApplicationContext: initialization completed in 1566 ms
-2022-03-03 11:32:31.755 - WARN 67796 --- [main] c.n.c.sources.URLConfigurationSource     : No URLs will be polled as dynamic configuration sources.
-2022-03-03 11:32:31.766 - INFO 67796 --- [main] c.n.c.sources.URLConfigurationSource     : To enable URLs as dynamic configuration sources, define System property archaius.configurationSource.additionalUrls or make config.properties available on classpath.
-2022-03-03 11:32:31.776 - INFO 67796 --- [main] c.netflix.config.DynamicPropertyFactory  : DynamicPropertyFactory is initialized with configuration sources: com.netflix.config.ConcurrentCompositeConfiguration@4c2c44e8
-2022-03-03 11:32:31.854 - INFO 67796 --- [main] o.s.b.a.e.web.ServletEndpointRegistrar   : Registered '/actuator/hystrix.stream' to hystrix.stream-actuator-endpoint
-2022-03-03 11:32:31.988 - INFO 67796 --- [main] o.hibernate.jpa.internal.util.LogHelper  : HHH000204: Processing PersistenceUnitInfo [name: default]
-2022-03-03 11:32:32.033 - INFO 67796 --- [main] org.hibernate.Version                    : HHH000412: Hibernate ORM core version 5.6.1.Final
-2022-03-03 11:32:32.177 - INFO 67796 --- [main] o.hibernate.annotations.common.Version   : HCANN000001: Hibernate Commons Annotations {5.1.2.Final}
-2022-03-03 11:32:32.270 - INFO 67796 --- [main] com.zaxxer.hikari.HikariDataSource       : HikariPool-1 - Starting...
-2022-03-03 11:32:32.558 - INFO 67796 --- [main] com.zaxxer.hikari.HikariDataSource       : HikariPool-1 - Start completed.
-2022-03-03 11:32:32.589 - INFO 67796 --- [main] org.hibernate.dialect.Dialect            : HHH000400: Using dialect: org.hibernate.dialect.MySQL8Dialect
-2022-03-03 11:32:33.115 - INFO 67796 --- [main] o.h.e.t.j.p.i.JtaPlatformInitiator       : HHH000490: Using JtaPlatform implementation: [org.hibernate.engine.transaction.jta.platform.internal.NoJtaPlatform]
-2022-03-03 11:32:33.122 - INFO 67796 --- [main] j.LocalContainerEntityManagerFactoryBean : Initialized JPA EntityManagerFactory for persistence unit 'default'
-2022-03-03 11:32:33.543 - WARN 67796 --- [main] c.n.c.sources.URLConfigurationSource     : No URLs will be polled as dynamic configuration sources.
-2022-03-03 11:32:33.543 - INFO 67796 --- [main] c.n.c.sources.URLConfigurationSource     : To enable URLs as dynamic configuration sources, define System property archaius.configurationSource.additionalUrls or make config.properties available on classpath.
-2022-03-03 11:32:33.578 - WARN 67796 --- [main] JpaBaseConfiguration$JpaWebConfiguration : spring.jpa.open-in-view is enabled by default. Therefore, database queries may be performed during view rendering. Explicitly configure spring.jpa.open-in-view to disable this warning
-2022-03-03 11:32:34.278 - INFO 67796 --- [main] DiscoveryClientOptionalArgsConfiguration : Eureka HTTP Client uses RestTemplate.
-2022-03-03 11:32:34.330 - WARN 67796 --- [main] iguration$LoadBalancerCaffeineWarnLogger : Spring Cloud LoadBalancer is currently working with the default cache. You can switch to using Caffeine cache, by adding it and org.springframework.cache.caffeine.CaffeineCacheManager to the classpath.
-2022-03-03 11:32:34.342 - INFO 67796 --- [main] o.s.b.a.e.web.EndpointLinksResolver      : Exposing 19 endpoint(s) beneath base path '/actuator'
-2022-03-03 11:32:34.416 - INFO 67796 --- [main] o.s.b.w.embedded.tomcat.TomcatWebServer  : Tomcat started on port(s): 52631 (http) with context path ''
-2022-03-03 11:32:34.417 - INFO 67796 --- [main] .s.c.n.e.s.EurekaAutoServiceRegistration : Updating port to 52631
-2022-03-03 11:32:34.420 - INFO 67796 --- [main] o.s.c.n.eureka.InstanceInfoFactory       : Setting initial instance status as: STARTING
-2022-03-03 11:32:34.470 - INFO 67796 --- [main] com.netflix.discovery.DiscoveryClient    : Initializing Eureka in region us-east-1
-2022-03-03 11:32:34.475 - INFO 67796 --- [main] c.n.d.s.r.aws.ConfigClusterResolver      : Resolving eureka endpoints via configuration
-2022-03-03 11:32:34.518 - INFO 67796 --- [main] com.netflix.discovery.DiscoveryClient    : Disable delta property : false
-2022-03-03 11:32:34.518 - INFO 67796 --- [main] com.netflix.discovery.DiscoveryClient    : Single vip registry refresh property : null
-2022-03-03 11:32:34.518 - INFO 67796 --- [main] com.netflix.discovery.DiscoveryClient    : Force full registry fetch : false
-2022-03-03 11:32:34.518 - INFO 67796 --- [main] com.netflix.discovery.DiscoveryClient    : Application is null : false
-2022-03-03 11:32:34.518 - INFO 67796 --- [main] com.netflix.discovery.DiscoveryClient    : Registered Applications size is zero : true
-2022-03-03 11:32:34.518 - INFO 67796 --- [main] com.netflix.discovery.DiscoveryClient    : Application version is -1: true
-2022-03-03 11:32:34.518 - INFO 67796 --- [main] com.netflix.discovery.DiscoveryClient    : Getting all instance registry info from the eureka server
-2022-03-03 11:32:34.621 - INFO 67796 --- [RMI TCP Connection(1)-127.0.0.1] o.a.c.c.C.[Tomcat].[localhost].[/]       : Initializing Spring DispatcherServlet 'dispatcherServlet'
-2022-03-03 11:32:34.621 - INFO 67796 --- [RMI TCP Connection(1)-127.0.0.1] o.s.web.servlet.DispatcherServlet        : Initializing Servlet 'dispatcherServlet'
-2022-03-03 11:32:34.622 - INFO 67796 --- [RMI TCP Connection(1)-127.0.0.1] o.s.web.servlet.DispatcherServlet        : Completed initialization in 1 ms
-2022-03-03 11:32:34.722 - INFO 67796 --- [main] com.netflix.discovery.DiscoveryClient    : The response status is 200
-2022-03-03 11:32:34.729 - INFO 67796 --- [main] com.netflix.discovery.DiscoveryClient    : Starting heartbeat executor: renew interval is: 30
-2022-03-03 11:32:34.735 - INFO 67796 --- [main] c.n.discovery.InstanceInfoReplicator     : InstanceInfoReplicator onDemand update allowed rate per min is 4
-2022-03-03 11:32:34.746 - INFO 67796 --- [main] com.netflix.discovery.DiscoveryClient    : Discovery Client initialized at timestamp 1646287354746 with initial instances count: 3
-2022-03-03 11:32:34.749 - INFO 67796 --- [main] o.s.c.n.e.s.EurekaServiceRegistry        : Registering application RESERVATION-SERVICE with eureka with status UP
-2022-03-03 11:32:34.749 - INFO 67796 --- [main] com.netflix.discovery.DiscoveryClient    : Saw local status change event StatusChangeEvent [timestamp=1646287354749, current=UP, previous=STARTING]
-2022-03-03 11:32:34.751 - INFO 67796 --- [DiscoveryClient-InstanceInfoReplicator-0] com.netflix.discovery.DiscoveryClient    : DiscoveryClient_RESERVATION-SERVICE/reservation-service:bf15d7c0cac1b893e51d42ecca766876: registering service...
-2022-03-03 11:32:34.783 - INFO 67796 --- [DiscoveryClient-InstanceInfoReplicator-0] com.netflix.discovery.DiscoveryClient    : DiscoveryClient_RESERVATION-SERVICE/reservation-service:bf15d7c0cac1b893e51d42ecca766876 - registration status: 204
-2022-03-03 11:32:34.813 - INFO 67796 --- [main] c.r.l.r.ReservationServiceApplication    : Started ReservationServiceApplication in 5.172 seconds (JVM running for 6.085)
-2022-03-03 11:33:16.805 - INFO 67796 --- [RMI TCP Connection(10)-127.0.0.1] inMXBeanRegistrar$SpringApplicationAdmin : Application shutdown requested.
-2022-03-03 11:33:16.806 - INFO 67796 --- [RMI TCP Connection(10)-127.0.0.1] o.s.c.n.e.s.EurekaServiceRegistry        : Unregistering application RESERVATION-SERVICE with eureka with status DOWN
-2022-03-03 11:33:16.806 - INFO 67796 --- [RMI TCP Connection(10)-127.0.0.1] com.netflix.discovery.DiscoveryClient    : Saw local status change event StatusChangeEvent [timestamp=1646287396806, current=DOWN, previous=UP]
-2022-03-03 11:33:16.806 - INFO 67796 --- [DiscoveryClient-InstanceInfoReplicator-0] com.netflix.discovery.DiscoveryClient    : DiscoveryClient_RESERVATION-SERVICE/reservation-service:bf15d7c0cac1b893e51d42ecca766876: registering service...
-2022-03-03 11:33:16.821 - INFO 67796 --- [DiscoveryClient-InstanceInfoReplicator-0] com.netflix.discovery.DiscoveryClient    : DiscoveryClient_RESERVATION-SERVICE/reservation-service:bf15d7c0cac1b893e51d42ecca766876 - registration status: 204
-2022-03-03 11:33:16.834 - INFO 67796 --- [RMI TCP Connection(10)-127.0.0.1] j.LocalContainerEntityManagerFactoryBean : Closing JPA EntityManagerFactory for persistence unit 'default'
-2022-03-03 11:33:16.836 - INFO 67796 --- [RMI TCP Connection(10)-127.0.0.1] com.zaxxer.hikari.HikariDataSource       : HikariPool-1 - Shutdown initiated...
-2022-03-03 11:33:16.844 - INFO 67796 --- [RMI TCP Connection(10)-127.0.0.1] com.zaxxer.hikari.HikariDataSource       : HikariPool-1 - Shutdown completed.
-2022-03-03 11:33:16.846 - INFO 67796 --- [RMI TCP Connection(10)-127.0.0.1] com.netflix.discovery.DiscoveryClient    : Shutting down DiscoveryClient ...
-2022-03-03 11:33:19.869 - INFO 67796 --- [RMI TCP Connection(10)-127.0.0.1] com.netflix.discovery.DiscoveryClient    : Unregistering ...
-2022-03-03 11:33:19.874 - INFO 67796 --- [RMI TCP Connection(10)-127.0.0.1] com.netflix.discovery.DiscoveryClient    : DiscoveryClient_RESERVATION-SERVICE/reservation-service:bf15d7c0cac1b893e51d42ecca766876 - deregister  status: 200
-2022-03-03 11:33:19.926 - INFO 67796 --- [RMI TCP Connection(10)-127.0.0.1] com.netflix.discovery.DiscoveryClient    : Completed shut down of DiscoveryClient
-2022-03-03 11:33:27.245 - INFO 74532 --- [main] c.r.l.r.ReservationServiceApplication    : Starting ReservationServiceApplication using Java 15.0.2 on HP-VSAQU6E5 with PID 74532 (C:\Users\Ronav\git\LibMgmtService\ReservationService\target\classes started by Ronav in C:\Users\Ronav\git\LibMgmtService\ReservationService)
-2022-03-03 11:33:27.250 - INFO 74532 --- [main] c.r.l.r.ReservationServiceApplication    : No active profile set, falling back to default profiles: default
-2022-03-03 11:33:27.998 - INFO 74532 --- [main] .s.d.r.c.RepositoryConfigurationDelegate : Bootstrapping Spring Data JPA repositories in DEFAULT mode.
-2022-03-03 11:33:28.134 - INFO 74532 --- [main] .s.d.r.c.RepositoryConfigurationDelegate : Finished Spring Data repository scanning in 129 ms. Found 1 JPA repository interfaces.
-2022-03-03 11:33:28.232 - WARN 74532 --- [main] o.s.boot.actuate.endpoint.EndpointId     : Endpoint ID 'hystrix.stream' contains invalid characters, please migrate to a valid format.
-2022-03-03 11:33:28.322 - INFO 74532 --- [main] o.s.cloud.context.scope.GenericScope     : BeanFactory id=75a0fc6c-b16b-3ba1-aa9f-88f200b52bea
-2022-03-03 11:33:28.757 - INFO 74532 --- [main] o.s.b.w.embedded.tomcat.TomcatWebServer  : Tomcat initialized with port(s): 0 (http)
-2022-03-03 11:33:28.766 - INFO 74532 --- [main] o.apache.catalina.core.StandardService   : Starting service [Tomcat]
-2022-03-03 11:33:28.767 - INFO 74532 --- [main] org.apache.catalina.core.StandardEngine  : Starting Servlet engine: [Apache Tomcat/9.0.55]
-2022-03-03 11:33:28.886 - INFO 74532 --- [main] o.a.c.c.C.[Tomcat].[localhost].[/]       : Initializing Spring embedded WebApplicationContext
-2022-03-03 11:33:28.886 - INFO 74532 --- [main] w.s.c.ServletWebServerApplicationContext : Root WebApplicationContext: initialization completed in 1601 ms
-2022-03-03 11:33:28.981 - WARN 74532 --- [main] c.n.c.sources.URLConfigurationSource     : No URLs will be polled as dynamic configuration sources.
-2022-03-03 11:33:28.993 - INFO 74532 --- [main] c.n.c.sources.URLConfigurationSource     : To enable URLs as dynamic configuration sources, define System property archaius.configurationSource.additionalUrls or make config.properties available on classpath.
-2022-03-03 11:33:29.002 - INFO 74532 --- [main] c.netflix.config.DynamicPropertyFactory  : DynamicPropertyFactory is initialized with configuration sources: com.netflix.config.ConcurrentCompositeConfiguration@261275ae
-2022-03-03 11:33:29.082 - INFO 74532 --- [main] o.s.b.a.e.web.ServletEndpointRegistrar   : Registered '/actuator/hystrix.stream' to hystrix.stream-actuator-endpoint
-2022-03-03 11:33:29.211 - INFO 74532 --- [main] o.hibernate.jpa.internal.util.LogHelper  : HHH000204: Processing PersistenceUnitInfo [name: default]
-2022-03-03 11:33:29.264 - INFO 74532 --- [main] org.hibernate.Version                    : HHH000412: Hibernate ORM core version 5.6.1.Final
-2022-03-03 11:33:29.406 - INFO 74532 --- [main] o.hibernate.annotations.common.Version   : HCANN000001: Hibernate Commons Annotations {5.1.2.Final}
-2022-03-03 11:33:29.508 - INFO 74532 --- [main] com.zaxxer.hikari.HikariDataSource       : HikariPool-1 - Starting...
-2022-03-03 11:33:29.798 - INFO 74532 --- [main] com.zaxxer.hikari.HikariDataSource       : HikariPool-1 - Start completed.
-2022-03-03 11:33:29.834 - INFO 74532 --- [main] org.hibernate.dialect.Dialect            : HHH000400: Using dialect: org.hibernate.dialect.MySQL8Dialect
-2022-03-03 11:33:30.363 - INFO 74532 --- [main] o.h.e.t.j.p.i.JtaPlatformInitiator       : HHH000490: Using JtaPlatform implementation: [org.hibernate.engine.transaction.jta.platform.internal.NoJtaPlatform]
-2022-03-03 11:33:30.371 - INFO 74532 --- [main] j.LocalContainerEntityManagerFactoryBean : Initialized JPA EntityManagerFactory for persistence unit 'default'
-2022-03-03 11:33:30.780 - WARN 74532 --- [main] c.n.c.sources.URLConfigurationSource     : No URLs will be polled as dynamic configuration sources.
-2022-03-03 11:33:30.780 - INFO 74532 --- [main] c.n.c.sources.URLConfigurationSource     : To enable URLs as dynamic configuration sources, define System property archaius.configurationSource.additionalUrls or make config.properties available on classpath.
-2022-03-03 11:33:30.815 - WARN 74532 --- [main] JpaBaseConfiguration$JpaWebConfiguration : spring.jpa.open-in-view is enabled by default. Therefore, database queries may be performed during view rendering. Explicitly configure spring.jpa.open-in-view to disable this warning
-2022-03-03 11:33:31.541 - INFO 74532 --- [main] DiscoveryClientOptionalArgsConfiguration : Eureka HTTP Client uses RestTemplate.
-2022-03-03 11:33:31.597 - WARN 74532 --- [main] iguration$LoadBalancerCaffeineWarnLogger : Spring Cloud LoadBalancer is currently working with the default cache. You can switch to using Caffeine cache, by adding it and org.springframework.cache.caffeine.CaffeineCacheManager to the classpath.
-2022-03-03 11:33:31.607 - INFO 74532 --- [main] o.s.b.a.e.web.EndpointLinksResolver      : Exposing 19 endpoint(s) beneath base path '/actuator'
-2022-03-03 11:33:31.681 - INFO 74532 --- [main] o.s.b.w.embedded.tomcat.TomcatWebServer  : Tomcat started on port(s): 52692 (http) with context path ''
-2022-03-03 11:33:31.682 - INFO 74532 --- [main] .s.c.n.e.s.EurekaAutoServiceRegistration : Updating port to 52692
-2022-03-03 11:33:31.687 - INFO 74532 --- [main] o.s.c.n.eureka.InstanceInfoFactory       : Setting initial instance status as: STARTING
-2022-03-03 11:33:31.735 - INFO 74532 --- [main] com.netflix.discovery.DiscoveryClient    : Initializing Eureka in region us-east-1
-2022-03-03 11:33:31.739 - INFO 74532 --- [main] c.n.d.s.r.aws.ConfigClusterResolver      : Resolving eureka endpoints via configuration
-2022-03-03 11:33:31.767 - INFO 74532 --- [main] com.netflix.discovery.DiscoveryClient    : Disable delta property : false
-2022-03-03 11:33:31.767 - INFO 74532 --- [main] com.netflix.discovery.DiscoveryClient    : Single vip registry refresh property : null
-2022-03-03 11:33:31.768 - INFO 74532 --- [main] com.netflix.discovery.DiscoveryClient    : Force full registry fetch : false
-2022-03-03 11:33:31.768 - INFO 74532 --- [main] com.netflix.discovery.DiscoveryClient    : Application is null : false
-2022-03-03 11:33:31.768 - INFO 74532 --- [main] com.netflix.discovery.DiscoveryClient    : Registered Applications size is zero : true
-2022-03-03 11:33:31.768 - INFO 74532 --- [main] com.netflix.discovery.DiscoveryClient    : Application version is -1: true
-2022-03-03 11:33:31.768 - INFO 74532 --- [main] com.netflix.discovery.DiscoveryClient    : Getting all instance registry info from the eureka server
-2022-03-03 11:33:31.992 - INFO 74532 --- [main] com.netflix.discovery.DiscoveryClient    : The response status is 200
-2022-03-03 11:33:31.998 - INFO 74532 --- [main] com.netflix.discovery.DiscoveryClient    : Starting heartbeat executor: renew interval is: 30
-2022-03-03 11:33:32.006 - INFO 74532 --- [main] c.n.discovery.InstanceInfoReplicator     : InstanceInfoReplicator onDemand update allowed rate per min is 4
-2022-03-03 11:33:32.017 - INFO 74532 --- [main] com.netflix.discovery.DiscoveryClient    : Discovery Client initialized at timestamp 1646287412016 with initial instances count: 3
-2022-03-03 11:33:32.019 - INFO 74532 --- [main] o.s.c.n.e.s.EurekaServiceRegistry        : Registering application RESERVATION-SERVICE with eureka with status UP
-2022-03-03 11:33:32.020 - INFO 74532 --- [main] com.netflix.discovery.DiscoveryClient    : Saw local status change event StatusChangeEvent [timestamp=1646287412020, current=UP, previous=STARTING]
-2022-03-03 11:33:32.022 - INFO 74532 --- [DiscoveryClient-InstanceInfoReplicator-0] com.netflix.discovery.DiscoveryClient    : DiscoveryClient_RESERVATION-SERVICE/reservation-service:c43e1f255737d6f580aac032c8757b8c: registering service...
-2022-03-03 11:33:32.055 - INFO 74532 --- [DiscoveryClient-InstanceInfoReplicator-0] com.netflix.discovery.DiscoveryClient    : DiscoveryClient_RESERVATION-SERVICE/reservation-service:c43e1f255737d6f580aac032c8757b8c - registration status: 204
-2022-03-03 11:33:32.110 - INFO 74532 --- [main] c.r.l.r.ReservationServiceApplication    : Started ReservationServiceApplication in 5.306 seconds (JVM running for 6.049)
-2022-03-03 11:33:32.920 - INFO 74532 --- [RMI TCP Connection(3)-127.0.0.1] o.a.c.c.C.[Tomcat].[localhost].[/]       : Initializing Spring DispatcherServlet 'dispatcherServlet'
-2022-03-03 11:33:32.921 - INFO 74532 --- [RMI TCP Connection(3)-127.0.0.1] o.s.web.servlet.DispatcherServlet        : Initializing Servlet 'dispatcherServlet'
-2022-03-03 11:33:32.922 - INFO 74532 --- [RMI TCP Connection(3)-127.0.0.1] o.s.web.servlet.DispatcherServlet        : Completed initialization in 1 ms
-2022-03-03 11:34:14.979 - INFO 74532 --- [hystrix-allReservationsThreadPool-1] c.r.l.r.rest.ReservationController       : Entering getAllReservations()
-2022-03-03 11:34:56.700 - INFO 74532 --- [hystrix-allReservationsThreadPool-2] c.r.l.r.rest.ReservationController       : Entering getAllReservations()
-2022-03-03 11:38:31.772 - INFO 74532 --- [AsyncResolver-bootstrap-executor-0] c.n.d.s.r.aws.ConfigClusterResolver      : Resolving eureka endpoints via configuration
-2022-03-03 11:39:49.399 - INFO 54420 --- [main] c.r.l.r.ReservationServiceApplication    : Starting ReservationServiceApplication using Java 15.0.2 on HP-VSAQU6E5 with PID 54420 (C:\Users\Ronav\git\LibMgmtService\ReservationService\target\classes started by Ronav in C:\Users\Ronav\git\LibMgmtService\ReservationService)
-2022-03-03 11:39:49.406 - INFO 54420 --- [main] c.r.l.r.ReservationServiceApplication    : No active profile set, falling back to default profiles: default
-2022-03-03 11:39:50.182 - INFO 54420 --- [main] .s.d.r.c.RepositoryConfigurationDelegate : Bootstrapping Spring Data JPA repositories in DEFAULT mode.
-2022-03-03 11:39:50.336 - INFO 54420 --- [main] .s.d.r.c.RepositoryConfigurationDelegate : Finished Spring Data repository scanning in 145 ms. Found 1 JPA repository interfaces.
-2022-03-03 11:39:50.439 - WARN 54420 --- [main] o.s.boot.actuate.endpoint.EndpointId     : Endpoint ID 'hystrix.stream' contains invalid characters, please migrate to a valid format.
-2022-03-03 11:39:50.528 - INFO 54420 --- [main] o.s.cloud.context.scope.GenericScope     : BeanFactory id=75a0fc6c-b16b-3ba1-aa9f-88f200b52bea
-2022-03-03 11:39:51.003 - INFO 54420 --- [main] o.s.b.w.embedded.tomcat.TomcatWebServer  : Tomcat initialized with port(s): 0 (http)
-2022-03-03 11:39:51.014 - INFO 54420 --- [main] o.apache.catalina.core.StandardService   : Starting service [Tomcat]
-2022-03-03 11:39:51.015 - INFO 54420 --- [main] org.apache.catalina.core.StandardEngine  : Starting Servlet engine: [Apache Tomcat/9.0.55]
-2022-03-03 11:39:51.151 - INFO 54420 --- [main] o.a.c.c.C.[Tomcat].[localhost].[/]       : Initializing Spring embedded WebApplicationContext
-2022-03-03 11:39:51.151 - INFO 54420 --- [main] w.s.c.ServletWebServerApplicationContext : Root WebApplicationContext: initialization completed in 1702 ms
-2022-03-03 11:39:51.238 - WARN 54420 --- [main] c.n.c.sources.URLConfigurationSource     : No URLs will be polled as dynamic configuration sources.
-2022-03-03 11:39:51.238 - INFO 54420 --- [main] c.n.c.sources.URLConfigurationSource     : To enable URLs as dynamic configuration sources, define System property archaius.configurationSource.additionalUrls or make config.properties available on classpath.
-2022-03-03 11:39:51.248 - INFO 54420 --- [main] c.netflix.config.DynamicPropertyFactory  : DynamicPropertyFactory is initialized with configuration sources: com.netflix.config.ConcurrentCompositeConfiguration@464400b3
-2022-03-03 11:39:51.341 - INFO 54420 --- [main] o.s.b.a.e.web.ServletEndpointRegistrar   : Registered '/actuator/hystrix.stream' to hystrix.stream-actuator-endpoint
-2022-03-03 11:39:51.502 - INFO 54420 --- [main] o.hibernate.jpa.internal.util.LogHelper  : HHH000204: Processing PersistenceUnitInfo [name: default]
-2022-03-03 11:39:51.585 - INFO 54420 --- [main] org.hibernate.Version                    : HHH000412: Hibernate ORM core version 5.6.1.Final
-2022-03-03 11:39:51.803 - INFO 54420 --- [main] o.hibernate.annotations.common.Version   : HCANN000001: Hibernate Commons Annotations {5.1.2.Final}
-2022-03-03 11:39:51.944 - INFO 54420 --- [main] com.zaxxer.hikari.HikariDataSource       : HikariPool-1 - Starting...
-2022-03-03 11:39:52.250 - INFO 54420 --- [main] com.zaxxer.hikari.HikariDataSource       : HikariPool-1 - Start completed.
-2022-03-03 11:39:52.290 - INFO 54420 --- [main] org.hibernate.dialect.Dialect            : HHH000400: Using dialect: org.hibernate.dialect.MySQL8Dialect
-2022-03-03 11:39:52.943 - INFO 54420 --- [main] o.h.e.t.j.p.i.JtaPlatformInitiator       : HHH000490: Using JtaPlatform implementation: [org.hibernate.engine.transaction.jta.platform.internal.NoJtaPlatform]
-2022-03-03 11:39:52.951 - INFO 54420 --- [main] j.LocalContainerEntityManagerFactoryBean : Initialized JPA EntityManagerFactory for persistence unit 'default'
-2022-03-03 11:39:53.386 - WARN 54420 --- [main] c.n.c.sources.URLConfigurationSource     : No URLs will be polled as dynamic configuration sources.
-2022-03-03 11:39:53.386 - INFO 54420 --- [main] c.n.c.sources.URLConfigurationSource     : To enable URLs as dynamic configuration sources, define System property archaius.configurationSource.additionalUrls or make config.properties available on classpath.
-2022-03-03 11:39:53.425 - WARN 54420 --- [main] JpaBaseConfiguration$JpaWebConfiguration : spring.jpa.open-in-view is enabled by default. Therefore, database queries may be performed during view rendering. Explicitly configure spring.jpa.open-in-view to disable this warning
-2022-03-03 11:39:54.148 - INFO 54420 --- [main] DiscoveryClientOptionalArgsConfiguration : Eureka HTTP Client uses RestTemplate.
-2022-03-03 11:39:54.201 - WARN 54420 --- [main] iguration$LoadBalancerCaffeineWarnLogger : Spring Cloud LoadBalancer is currently working with the default cache. You can switch to using Caffeine cache, by adding it and org.springframework.cache.caffeine.CaffeineCacheManager to the classpath.
-2022-03-03 11:39:54.213 - INFO 54420 --- [main] o.s.b.a.e.web.EndpointLinksResolver      : Exposing 19 endpoint(s) beneath base path '/actuator'
-2022-03-03 11:39:54.288 - INFO 54420 --- [main] o.s.b.w.embedded.tomcat.TomcatWebServer  : Tomcat started on port(s): 50869 (http) with context path ''
-2022-03-03 11:39:54.289 - INFO 54420 --- [main] .s.c.n.e.s.EurekaAutoServiceRegistration : Updating port to 50869
-2022-03-03 11:39:54.294 - INFO 54420 --- [main] o.s.c.n.eureka.InstanceInfoFactory       : Setting initial instance status as: STARTING
-2022-03-03 11:39:54.359 - INFO 54420 --- [main] com.netflix.discovery.DiscoveryClient    : Initializing Eureka in region us-east-1
-2022-03-03 11:39:54.365 - INFO 54420 --- [main] c.n.d.s.r.aws.ConfigClusterResolver      : Resolving eureka endpoints via configuration
-2022-03-03 11:39:54.402 - INFO 54420 --- [main] com.netflix.discovery.DiscoveryClient    : Disable delta property : false
-2022-03-03 11:39:54.402 - INFO 54420 --- [main] com.netflix.discovery.DiscoveryClient    : Single vip registry refresh property : null
-2022-03-03 11:39:54.402 - INFO 54420 --- [main] com.netflix.discovery.DiscoveryClient    : Force full registry fetch : false
-2022-03-03 11:39:54.402 - INFO 54420 --- [main] com.netflix.discovery.DiscoveryClient    : Application is null : false
-2022-03-03 11:39:54.402 - INFO 54420 --- [main] com.netflix.discovery.DiscoveryClient    : Registered Applications size is zero : true
-2022-03-03 11:39:54.402 - INFO 54420 --- [main] com.netflix.discovery.DiscoveryClient    : Application version is -1: true
-2022-03-03 11:39:54.402 - INFO 54420 --- [main] com.netflix.discovery.DiscoveryClient    : Getting all instance registry info from the eureka server
-2022-03-03 11:39:54.631 - INFO 54420 --- [main] com.netflix.discovery.DiscoveryClient    : The response status is 200
-2022-03-03 11:39:54.637 - INFO 54420 --- [main] com.netflix.discovery.DiscoveryClient    : Starting heartbeat executor: renew interval is: 30
-2022-03-03 11:39:54.645 - INFO 54420 --- [main] c.n.discovery.InstanceInfoReplicator     : InstanceInfoReplicator onDemand update allowed rate per min is 4
-2022-03-03 11:39:54.657 - INFO 54420 --- [main] com.netflix.discovery.DiscoveryClient    : Discovery Client initialized at timestamp 1646287794656 with initial instances count: 4
-2022-03-03 11:39:54.660 - INFO 54420 --- [main] o.s.c.n.e.s.EurekaServiceRegistry        : Registering application RESERVATION-SERVICE with eureka with status UP
-2022-03-03 11:39:54.660 - INFO 54420 --- [main] com.netflix.discovery.DiscoveryClient    : Saw local status change event StatusChangeEvent [timestamp=1646287794660, current=UP, previous=STARTING]
-2022-03-03 11:39:54.661 - INFO 54420 --- [DiscoveryClient-InstanceInfoReplicator-0] com.netflix.discovery.DiscoveryClient    : DiscoveryClient_RESERVATION-SERVICE/reservation-service:de7c070e61708348e30ef80b902e3da7: registering service...
-2022-03-03 11:39:54.696 - INFO 54420 --- [DiscoveryClient-InstanceInfoReplicator-0] com.netflix.discovery.DiscoveryClient    : DiscoveryClient_RESERVATION-SERVICE/reservation-service:de7c070e61708348e30ef80b902e3da7 - registration status: 204
-2022-03-03 11:39:54.746 - INFO 54420 --- [main] c.r.l.r.ReservationServiceApplication    : Started ReservationServiceApplication in 5.794 seconds (JVM running for 6.547)
-2022-03-03 11:39:55.250 - INFO 54420 --- [RMI TCP Connection(10)-127.0.0.1] o.a.c.c.C.[Tomcat].[localhost].[/]       : Initializing Spring DispatcherServlet 'dispatcherServlet'
-2022-03-03 11:39:55.250 - INFO 54420 --- [RMI TCP Connection(10)-127.0.0.1] o.s.web.servlet.DispatcherServlet        : Initializing Servlet 'dispatcherServlet'
-2022-03-03 11:39:55.251 - INFO 54420 --- [RMI TCP Connection(10)-127.0.0.1] o.s.web.servlet.DispatcherServlet        : Completed initialization in 1 ms
-2022-03-03 11:40:15.137 - INFO 54420 --- [hystrix-allReservationsThreadPool-1] c.r.l.r.rest.ReservationController       : Entering getAllReservations()
-2022-03-03 11:40:59.228 -TRACE 54420 --- [hystrix-allReservationsThreadPool-1] c.r.l.r.rest.ReservationController       : Reservation count: 1
-2022-03-03 11:40:59.229 - INFO 54420 --- [hystrix-allReservationsThreadPool-1] c.r.l.r.rest.ReservationController       : Returning from getAllReservations()
-2022-03-03 11:41:35.536 - INFO 54420 --- [hystrix-allReservationsThreadPool-2] c.r.l.r.rest.ReservationController       : Entering getAllReservations()
-2022-03-03 11:41:35.543 -TRACE 54420 --- [hystrix-allReservationsThreadPool-2] c.r.l.r.rest.ReservationController       : Reservation count: 1
-2022-03-03 11:41:35.544 - INFO 54420 --- [hystrix-allReservationsThreadPool-2] c.r.l.r.rest.ReservationController       : Returning from getAllReservations()
-2022-03-03 11:44:54.410 - INFO 54420 --- [AsyncResolver-bootstrap-executor-0] c.n.d.s.r.aws.ConfigClusterResolver      : Resolving eureka endpoints via configuration
-2022-03-03 11:49:11.467 - INFO 54420 --- [RMI TCP Connection(21)-127.0.0.1] inMXBeanRegistrar$SpringApplicationAdmin : Application shutdown requested.
-2022-03-03 11:49:11.469 - INFO 54420 --- [RMI TCP Connection(21)-127.0.0.1] o.s.c.n.e.s.EurekaServiceRegistry        : Unregistering application RESERVATION-SERVICE with eureka with status DOWN
-2022-03-03 11:49:11.469 - INFO 54420 --- [RMI TCP Connection(21)-127.0.0.1] com.netflix.discovery.DiscoveryClient    : Saw local status change event StatusChangeEvent [timestamp=1646288351469, current=DOWN, previous=UP]
-2022-03-03 11:49:11.469 - INFO 54420 --- [DiscoveryClient-InstanceInfoReplicator-0] com.netflix.discovery.DiscoveryClient    : DiscoveryClient_RESERVATION-SERVICE/reservation-service:de7c070e61708348e30ef80b902e3da7: registering service...
-2022-03-03 11:49:11.484 - INFO 54420 --- [DiscoveryClient-InstanceInfoReplicator-0] com.netflix.discovery.DiscoveryClient    : DiscoveryClient_RESERVATION-SERVICE/reservation-service:de7c070e61708348e30ef80b902e3da7 - registration status: 204
-2022-03-03 11:49:11.505 - INFO 54420 --- [RMI TCP Connection(21)-127.0.0.1] j.LocalContainerEntityManagerFactoryBean : Closing JPA EntityManagerFactory for persistence unit 'default'
-2022-03-03 11:49:11.507 - INFO 54420 --- [RMI TCP Connection(21)-127.0.0.1] com.zaxxer.hikari.HikariDataSource       : HikariPool-1 - Shutdown initiated...
-2022-03-03 11:49:11.519 - INFO 54420 --- [RMI TCP Connection(21)-127.0.0.1] com.zaxxer.hikari.HikariDataSource       : HikariPool-1 - Shutdown completed.
-2022-03-03 11:49:11.520 - INFO 54420 --- [RMI TCP Connection(21)-127.0.0.1] com.netflix.discovery.DiscoveryClient    : Shutting down DiscoveryClient ...
-2022-03-03 11:49:14.544 - INFO 54420 --- [RMI TCP Connection(21)-127.0.0.1] com.netflix.discovery.DiscoveryClient    : Unregistering ...
-2022-03-03 11:49:14.551 - INFO 54420 --- [RMI TCP Connection(21)-127.0.0.1] com.netflix.discovery.DiscoveryClient    : DiscoveryClient_RESERVATION-SERVICE/reservation-service:de7c070e61708348e30ef80b902e3da7 - deregister  status: 200
-2022-03-03 11:49:14.660 - INFO 54420 --- [RMI TCP Connection(21)-127.0.0.1] com.netflix.discovery.DiscoveryClient    : Completed shut down of DiscoveryClient
-